Analysis & Synthesis report for BuildingController
Sun Apr 29 02:06:39 2018
Quartus Prime Version 17.1.0 Build 590 10/25/2017 SJ Lite Edition


---------------------
; Table of Contents ;
---------------------
  1. Legal Notice
  2. Analysis & Synthesis Summary
  3. Analysis & Synthesis Settings
  4. Parallel Compilation
  5. Analysis & Synthesis Source Files Read
  6. Analysis & Synthesis Resource Usage Summary
  7. Analysis & Synthesis Resource Utilization by Entity
  8. Registers Removed During Synthesis
  9. Removed Registers Triggering Further Register Optimizations
 10. General Register Statistics
 11. Port Connectivity Checks: "asynch_counter:roomCounter"
 12. Port Connectivity Checks: "register_file:database"
 13. Port Connectivity Checks: "tri_state_buffer_top:busBuffer"
 14. Port Connectivity Checks: "PISO_shift:outputShifter"
 15. Port Connectivity Checks: "Mux:outputMux"
 16. Port Connectivity Checks: "Comparator:selectedForTransmission"
 17. Port Connectivity Checks: "asynch_counter:clockCounter"
 18. Port Connectivity Checks: "ls74:RisingEqualDFF"
 19. Port Connectivity Checks: "asynch_counter:StateCounter"
 20. Port Connectivity Checks: "SIPO_A_shift:Data_in"
 21. Post-Synthesis Netlist Statistics for Top Partition
 22. Elapsed Time Per Partition
 23. Analysis & Synthesis Messages



----------------
; Legal Notice ;
----------------
Copyright (C) 2017  Intel Corporation. All rights reserved.
Your use of Intel Corporation's design tools, logic functions 
and other software and tools, and its AMPP partner logic 
functions, and any output files from any of the foregoing 
(including device programming or simulation files), and any 
associated documentation or information are expressly subject 
to the terms and conditions of the Intel Program License 
Subscription Agreement, the Intel Quartus Prime License Agreement,
the Intel FPGA IP License Agreement, or other applicable license
agreement, including, without limitation, that your use is for
the sole purpose of programming logic devices manufactured by
Intel and sold by Intel or its authorized distributors.  Please
refer to the applicable agreement for further details.



+----------------------------------------------------------------------------------+
; Analysis & Synthesis Summary                                                     ;
+------------------------------------+---------------------------------------------+
; Analysis & Synthesis Status        ; Successful - Sun Apr 29 02:06:39 2018       ;
; Quartus Prime Version              ; 17.1.0 Build 590 10/25/2017 SJ Lite Edition ;
; Revision Name                      ; BuildingController                          ;
; Top-level Entity Name              ; BuildingController                          ;
; Family                             ; Cyclone IV E                                ;
; Total logic elements               ; 0                                           ;
;     Total combinational functions  ; 0                                           ;
;     Dedicated logic registers      ; 0                                           ;
; Total registers                    ; 0                                           ;
; Total pins                         ; 89                                          ;
; Total virtual pins                 ; 0                                           ;
; Total memory bits                  ; 0                                           ;
; Embedded Multiplier 9-bit elements ; 0                                           ;
; Total PLLs                         ; 0                                           ;
+------------------------------------+---------------------------------------------+


+----------------------------------------------------------------------------------------------------------------------+
; Analysis & Synthesis Settings                                                                                        ;
+----------------------------------------------------------------------------+--------------------+--------------------+
; Option                                                                     ; Setting            ; Default Value      ;
+----------------------------------------------------------------------------+--------------------+--------------------+
; Device                                                                     ; EP4CE115F29C7      ;                    ;
; Top-level entity name                                                      ; BuildingController ; BuildingController ;
; Family name                                                                ; Cyclone IV E       ; Cyclone V          ;
; Use smart compilation                                                      ; Off                ; Off                ;
; Enable parallel Assembler and TimeQuest Timing Analyzer during compilation ; On                 ; On                 ;
; Enable compact report table                                                ; Off                ; Off                ;
; Restructure Multiplexers                                                   ; Auto               ; Auto               ;
; Create Debugging Nodes for IP Cores                                        ; Off                ; Off                ;
; Preserve fewer node names                                                  ; On                 ; On                 ;
; Intel FPGA IP Evaluation Mode                                              ; Enable             ; Enable             ;
; Verilog Version                                                            ; Verilog_2001       ; Verilog_2001       ;
; VHDL Version                                                               ; VHDL_1993          ; VHDL_1993          ;
; State Machine Processing                                                   ; Auto               ; Auto               ;
; Safe State Machine                                                         ; Off                ; Off                ;
; Extract Verilog State Machines                                             ; On                 ; On                 ;
; Extract VHDL State Machines                                                ; On                 ; On                 ;
; Ignore Verilog initial constructs                                          ; Off                ; Off                ;
; Iteration limit for constant Verilog loops                                 ; 5000               ; 5000               ;
; Iteration limit for non-constant Verilog loops                             ; 250                ; 250                ;
; Add Pass-Through Logic to Inferred RAMs                                    ; On                 ; On                 ;
; Infer RAMs from Raw Logic                                                  ; On                 ; On                 ;
; Parallel Synthesis                                                         ; On                 ; On                 ;
; DSP Block Balancing                                                        ; Auto               ; Auto               ;
; NOT Gate Push-Back                                                         ; On                 ; On                 ;
; Power-Up Don't Care                                                        ; On                 ; On                 ;
; Remove Redundant Logic Cells                                               ; Off                ; Off                ;
; Remove Duplicate Registers                                                 ; On                 ; On                 ;
; Ignore CARRY Buffers                                                       ; Off                ; Off                ;
; Ignore CASCADE Buffers                                                     ; Off                ; Off                ;
; Ignore GLOBAL Buffers                                                      ; Off                ; Off                ;
; Ignore ROW GLOBAL Buffers                                                  ; Off                ; Off                ;
; Ignore LCELL Buffers                                                       ; Off                ; Off                ;
; Ignore SOFT Buffers                                                        ; On                 ; On                 ;
; Limit AHDL Integers to 32 Bits                                             ; Off                ; Off                ;
; Optimization Technique                                                     ; Balanced           ; Balanced           ;
; Carry Chain Length                                                         ; 70                 ; 70                 ;
; Auto Carry Chains                                                          ; On                 ; On                 ;
; Auto Open-Drain Pins                                                       ; On                 ; On                 ;
; Perform WYSIWYG Primitive Resynthesis                                      ; Off                ; Off                ;
; Auto ROM Replacement                                                       ; On                 ; On                 ;
; Auto RAM Replacement                                                       ; On                 ; On                 ;
; Auto DSP Block Replacement                                                 ; On                 ; On                 ;
; Auto Shift Register Replacement                                            ; Auto               ; Auto               ;
; Allow Shift Register Merging across Hierarchies                            ; Auto               ; Auto               ;
; Auto Clock Enable Replacement                                              ; On                 ; On                 ;
; Strict RAM Replacement                                                     ; Off                ; Off                ;
; Allow Synchronous Control Signals                                          ; On                 ; On                 ;
; Force Use of Synchronous Clear Signals                                     ; Off                ; Off                ;
; Auto RAM Block Balancing                                                   ; On                 ; On                 ;
; Auto RAM to Logic Cell Conversion                                          ; Off                ; Off                ;
; Auto Resource Sharing                                                      ; Off                ; Off                ;
; Allow Any RAM Size For Recognition                                         ; Off                ; Off                ;
; Allow Any ROM Size For Recognition                                         ; Off                ; Off                ;
; Allow Any Shift Register Size For Recognition                              ; Off                ; Off                ;
; Use LogicLock Constraints during Resource Balancing                        ; On                 ; On                 ;
; Ignore translate_off and synthesis_off directives                          ; Off                ; Off                ;
; Timing-Driven Synthesis                                                    ; On                 ; On                 ;
; Report Parameter Settings                                                  ; On                 ; On                 ;
; Report Source Assignments                                                  ; On                 ; On                 ;
; Report Connectivity Checks                                                 ; On                 ; On                 ;
; Ignore Maximum Fan-Out Assignments                                         ; Off                ; Off                ;
; Synchronization Register Chain Length                                      ; 2                  ; 2                  ;
; Power Optimization During Synthesis                                        ; Normal compilation ; Normal compilation ;
; HDL message level                                                          ; Level2             ; Level2             ;
; Suppress Register Optimization Related Messages                            ; Off                ; Off                ;
; Number of Removed Registers Reported in Synthesis Report                   ; 5000               ; 5000               ;
; Number of Swept Nodes Reported in Synthesis Report                         ; 5000               ; 5000               ;
; Number of Inverted Registers Reported in Synthesis Report                  ; 100                ; 100                ;
; Clock MUX Protection                                                       ; On                 ; On                 ;
; Auto Gated Clock Conversion                                                ; Off                ; Off                ;
; Block Design Naming                                                        ; Auto               ; Auto               ;
; SDC constraint protection                                                  ; Off                ; Off                ;
; Synthesis Effort                                                           ; Auto               ; Auto               ;
; Shift Register Replacement - Allow Asynchronous Clear Signal               ; On                 ; On                 ;
; Pre-Mapping Resynthesis Optimization                                       ; Off                ; Off                ;
; Analysis & Synthesis Message Level                                         ; Medium             ; Medium             ;
; Disable Register Merging Across Hierarchies                                ; Auto               ; Auto               ;
; Resource Aware Inference For Block RAM                                     ; On                 ; On                 ;
+----------------------------------------------------------------------------+--------------------+--------------------+


+------------------------------------------+
; Parallel Compilation                     ;
+----------------------------+-------------+
; Processors                 ; Number      ;
+----------------------------+-------------+
; Number detected on machine ; 4           ;
; Maximum allowed            ; 4           ;
;                            ;             ;
; Average used               ; 1.00        ;
; Maximum used               ; 1           ;
;                            ;             ;
; Usage by Processor         ; % Time Used ;
;     Processor 1            ; 100.0%      ;
+----------------------------+-------------+


+------------------------------------------------------------------------------------------------------------------------------------------------------------+
; Analysis & Synthesis Source Files Read                                                                                                                     ;
+----------------------------------+-----------------+-----------------+---------------------------------------------------------------------------+---------+
; File Name with User-Entered Path ; Used in Netlist ; File Type       ; File Name with Absolute Path                                              ; Library ;
+----------------------------------+-----------------+-----------------+---------------------------------------------------------------------------+---------+
; BuildingController.vhd           ; yes             ; User VHDL File  ; //Mac/Home/Documents/DLDProject/BuildingController/BuildingController.vhd ;         ;
+----------------------------------+-----------------+-----------------+---------------------------------------------------------------------------+---------+


+-------------------------------------------------------------+
; Analysis & Synthesis Resource Usage Summary                 ;
+---------------------------------------------+---------------+
; Resource                                    ; Usage         ;
+---------------------------------------------+---------------+
;                                             ;               ;
; Total combinational functions               ; 0             ;
; Logic element usage by number of LUT inputs ;               ;
;     -- 4 input functions                    ; 0             ;
;     -- 3 input functions                    ; 0             ;
;     -- <=2 input functions                  ; 0             ;
;                                             ;               ;
; Logic elements by mode                      ;               ;
;     -- normal mode                          ; 0             ;
;     -- arithmetic mode                      ; 0             ;
;                                             ;               ;
; Total registers                             ; 0             ;
;     -- Dedicated logic registers            ; 0             ;
;     -- I/O registers                        ; 0             ;
;                                             ;               ;
; I/O pins                                    ; 89            ;
;                                             ;               ;
; Embedded Multiplier 9-bit elements          ; 0             ;
;                                             ;               ;
; Maximum fan-out node                        ; gpio[5]~input ;
; Maximum fan-out                             ; 2             ;
; Total fan-out                               ; 131           ;
; Average fan-out                             ; 0.60          ;
+---------------------------------------------+---------------+


+-----------------------------------------------------------------------------------------------------------------------------------------------------------------------------------------------------------------+
; Analysis & Synthesis Resource Utilization by Entity                                                                                                                                                             ;
+----------------------------+---------------------+---------------------------+-------------+--------------+---------+-----------+------+--------------+---------------------+--------------------+--------------+
; Compilation Hierarchy Node ; Combinational ALUTs ; Dedicated Logic Registers ; Memory Bits ; DSP Elements ; DSP 9x9 ; DSP 18x18 ; Pins ; Virtual Pins ; Full Hierarchy Name ; Entity Name        ; Library Name ;
+----------------------------+---------------------+---------------------------+-------------+--------------+---------+-----------+------+--------------+---------------------+--------------------+--------------+
; |BuildingController        ; 0 (0)               ; 0 (0)                     ; 0           ; 0            ; 0       ; 0         ; 89   ; 0            ; |BuildingController ; BuildingController ; work         ;
+----------------------------+---------------------+---------------------------+-------------+--------------+---------+-----------+------+--------------+---------------------+--------------------+--------------+
Note: For table entries with two numbers listed, the numbers in parentheses indicate the number of resources of the given type used by the specific entity alone. The numbers listed outside of parentheses indicate the total resources of the given type used by the specific entity and all of its sub-entities in the hierarchy.


+---------------------------------------------------------------------------------+
; Registers Removed During Synthesis                                              ;
+----------------------------------------+----------------------------------------+
; Register name                          ; Reason for Removal                     ;
+----------------------------------------+----------------------------------------+
; asynch_counter:roomCounter|tmp[0..3]   ; Stuck at GND due to stuck port data_in ;
; SIPO_A_shift:Data_in|tmp[0..15]        ; Lost fanout                            ;
; asynch_counter:clockCounter|tmp[0..3]  ; Lost fanout                            ;
; ls74:RisingEqualDFF|q                  ; Lost fanout                            ;
; asynch_counter:StateCounter|tmp[0..3]  ; Lost fanout                            ;
; Total Number of Removed Registers = 29 ;                                        ;
+----------------------------------------+----------------------------------------+


+-----------------------------------------------------------------------------------------------------------------------------------------+
; Removed Registers Triggering Further Register Optimizations                                                                             ;
+-----------------------------------+---------------------------+-------------------------------------------------------------------------+
; Register name                     ; Reason for Removal        ; Registers Removed due to This Register                                  ;
+-----------------------------------+---------------------------+-------------------------------------------------------------------------+
; asynch_counter:roomCounter|tmp[3] ; Stuck at GND              ; SIPO_A_shift:Data_in|tmp[8], SIPO_A_shift:Data_in|tmp[9],               ;
;                                   ; due to stuck port data_in ; SIPO_A_shift:Data_in|tmp[10], SIPO_A_shift:Data_in|tmp[11],             ;
;                                   ;                           ; SIPO_A_shift:Data_in|tmp[12], SIPO_A_shift:Data_in|tmp[13],             ;
;                                   ;                           ; SIPO_A_shift:Data_in|tmp[14], SIPO_A_shift:Data_in|tmp[15],             ;
;                                   ;                           ; asynch_counter:clockCounter|tmp[3], asynch_counter:clockCounter|tmp[1], ;
;                                   ;                           ; asynch_counter:clockCounter|tmp[0], asynch_counter:StateCounter|tmp[3], ;
;                                   ;                           ; asynch_counter:StateCounter|tmp[2], asynch_counter:StateCounter|tmp[1], ;
;                                   ;                           ; asynch_counter:StateCounter|tmp[0]                                      ;
; SIPO_A_shift:Data_in|tmp[0]       ; Lost Fanouts              ; SIPO_A_shift:Data_in|tmp[1], SIPO_A_shift:Data_in|tmp[2],               ;
;                                   ;                           ; SIPO_A_shift:Data_in|tmp[3], SIPO_A_shift:Data_in|tmp[4],               ;
;                                   ;                           ; SIPO_A_shift:Data_in|tmp[5], SIPO_A_shift:Data_in|tmp[6],               ;
;                                   ;                           ; SIPO_A_shift:Data_in|tmp[7]                                             ;
+-----------------------------------+---------------------------+-------------------------------------------------------------------------+


+------------------------------------------------------+
; General Register Statistics                          ;
+----------------------------------------------+-------+
; Statistic                                    ; Value ;
+----------------------------------------------+-------+
; Total registers                              ; 0     ;
; Number of registers using Synchronous Clear  ; 0     ;
; Number of registers using Synchronous Load   ; 0     ;
; Number of registers using Asynchronous Clear ; 0     ;
; Number of registers using Asynchronous Load  ; 0     ;
; Number of registers using Clock Enable       ; 0     ;
; Number of registers using Preset             ; 0     ;
+----------------------------------------------+-------+


+-------------------------------------------------------------------------------------------------------------------+
; Port Connectivity Checks: "asynch_counter:roomCounter"                                                            ;
+---------+--------+----------+-------------------------------------------------------------------------------------+
; Port    ; Type   ; Severity ; Details                                                                             ;
+---------+--------+----------+-------------------------------------------------------------------------------------+
; en      ; Input  ; Info     ; Stuck at VCC                                                                        ;
; load_l  ; Input  ; Info     ; Stuck at GND                                                                        ;
; load_in ; Input  ; Info     ; Stuck at GND                                                                        ;
; rco     ; Output ; Info     ; Connected to dangling logic. Logic that only feeds a dangling port will be removed. ;
+---------+--------+----------+-------------------------------------------------------------------------------------+


+---------------------------------------------------------------------------------------------------------------------------+
; Port Connectivity Checks: "register_file:database"                                                                        ;
+-----------------+--------+----------+-------------------------------------------------------------------------------------+
; Port            ; Type   ; Severity ; Details                                                                             ;
+-----------------+--------+----------+-------------------------------------------------------------------------------------+
; data_src        ; Input  ; Info     ; Stuck at GND                                                                        ;
; data[3]         ; Input  ; Info     ; Stuck at GND                                                                        ;
; reg0            ; Output ; Info     ; Connected to dangling logic. Logic that only feeds a dangling port will be removed. ;
; reg1            ; Output ; Info     ; Connected to dangling logic. Logic that only feeds a dangling port will be removed. ;
; reg2            ; Output ; Info     ; Connected to dangling logic. Logic that only feeds a dangling port will be removed. ;
; reg3            ; Output ; Info     ; Connected to dangling logic. Logic that only feeds a dangling port will be removed. ;
; selecteddata[3] ; Output ; Info     ; Connected to dangling logic. Logic that only feeds a dangling port will be removed. ;
+-----------------+--------+----------+-------------------------------------------------------------------------------------+


+----------------------------------------------------------------------------------------------------------------+
; Port Connectivity Checks: "tri_state_buffer_top:busBuffer"                                                     ;
+------+--------+----------+-------------------------------------------------------------------------------------+
; Port ; Type   ; Severity ; Details                                                                             ;
+------+--------+----------+-------------------------------------------------------------------------------------+
; y    ; Output ; Info     ; Connected to dangling logic. Logic that only feeds a dangling port will be removed. ;
+------+--------+----------+-------------------------------------------------------------------------------------+


+------------------------------------------------------+
; Port Connectivity Checks: "PISO_shift:outputShifter" ;
+------+-------+----------+----------------------------+
; Port ; Type  ; Severity ; Details                    ;
+------+-------+----------+----------------------------+
; si   ; Input ; Info     ; Stuck at GND               ;
; clr  ; Input ; Info     ; Stuck at GND               ;
+------+-------+----------+----------------------------+


+---------------------------------------------+
; Port Connectivity Checks: "Mux:outputMux"   ;
+-----------+-------+----------+--------------+
; Port      ; Type  ; Severity ; Details      ;
+-----------+-------+----------+--------------+
; a[15]     ; Input ; Info     ; Stuck at VCC ;
; a[14]     ; Input ; Info     ; Stuck at GND ;
; a[13]     ; Input ; Info     ; Stuck at VCC ;
; a[12]     ; Input ; Info     ; Stuck at GND ;
; a[11]     ; Input ; Info     ; Stuck at VCC ;
; a[10]     ; Input ; Info     ; Stuck at GND ;
; a[9]      ; Input ; Info     ; Stuck at VCC ;
; a[8]      ; Input ; Info     ; Stuck at GND ;
; a[7]      ; Input ; Info     ; Stuck at VCC ;
; a[6]      ; Input ; Info     ; Stuck at GND ;
; a[5]      ; Input ; Info     ; Stuck at VCC ;
; a[4]      ; Input ; Info     ; Stuck at GND ;
; a[3]      ; Input ; Info     ; Stuck at VCC ;
; a[2]      ; Input ; Info     ; Stuck at GND ;
; a[1]      ; Input ; Info     ; Stuck at VCC ;
; a[0]      ; Input ; Info     ; Stuck at GND ;
; b[15..13] ; Input ; Info     ; Stuck at GND ;
; b[4..0]   ; Input ; Info     ; Stuck at GND ;
; b[8]      ; Input ; Info     ; Stuck at GND ;
; c         ; Input ; Info     ; Stuck at VCC ;
; d[15]     ; Input ; Info     ; Stuck at VCC ;
; d[14]     ; Input ; Info     ; Stuck at GND ;
; d[13]     ; Input ; Info     ; Stuck at VCC ;
; d[12]     ; Input ; Info     ; Stuck at GND ;
; d[11]     ; Input ; Info     ; Stuck at VCC ;
; d[10]     ; Input ; Info     ; Stuck at GND ;
; d[9]      ; Input ; Info     ; Stuck at VCC ;
; d[8]      ; Input ; Info     ; Stuck at GND ;
; d[7]      ; Input ; Info     ; Stuck at VCC ;
; d[6]      ; Input ; Info     ; Stuck at GND ;
; d[5]      ; Input ; Info     ; Stuck at VCC ;
; d[4]      ; Input ; Info     ; Stuck at GND ;
; d[3]      ; Input ; Info     ; Stuck at VCC ;
; d[2]      ; Input ; Info     ; Stuck at GND ;
; d[1]      ; Input ; Info     ; Stuck at VCC ;
; d[0]      ; Input ; Info     ; Stuck at GND ;
+-----------+-------+----------+--------------+


+----------------------------------------------------------------+
; Port Connectivity Checks: "Comparator:selectedForTransmission" ;
+------+-------+----------+--------------------------------------+
; Port ; Type  ; Severity ; Details                              ;
+------+-------+----------+--------------------------------------+
; a[0] ; Input ; Info     ; Stuck at GND                         ;
; b[0] ; Input ; Info     ; Stuck at GND                         ;
+------+-------+----------+--------------------------------------+


+-------------------------------------------------------------------------------------------------------------------+
; Port Connectivity Checks: "asynch_counter:clockCounter"                                                           ;
+---------+--------+----------+-------------------------------------------------------------------------------------+
; Port    ; Type   ; Severity ; Details                                                                             ;
+---------+--------+----------+-------------------------------------------------------------------------------------+
; load_l  ; Input  ; Info     ; Stuck at VCC                                                                        ;
; load_in ; Input  ; Info     ; Stuck at GND                                                                        ;
; rco     ; Output ; Info     ; Connected to dangling logic. Logic that only feeds a dangling port will be removed. ;
+---------+--------+----------+-------------------------------------------------------------------------------------+


+-------------------------------------------------+
; Port Connectivity Checks: "ls74:RisingEqualDFF" ;
+------+-------+----------+-----------------------+
; Port ; Type  ; Severity ; Details               ;
+------+-------+----------+-----------------------+
; clr  ; Input ; Info     ; Stuck at VCC          ;
; pre  ; Input ; Info     ; Stuck at VCC          ;
+------+-------+----------+-----------------------+


+-------------------------------------------------------------------------------------------------------------------------+
; Port Connectivity Checks: "asynch_counter:StateCounter"                                                                 ;
+---------------+--------+----------+-------------------------------------------------------------------------------------+
; Port          ; Type   ; Severity ; Details                                                                             ;
+---------------+--------+----------+-------------------------------------------------------------------------------------+
; en            ; Input  ; Info     ; Stuck at VCC                                                                        ;
; load_in[1..0] ; Input  ; Info     ; Stuck at VCC                                                                        ;
; load_in[3..2] ; Input  ; Info     ; Stuck at GND                                                                        ;
; rco           ; Output ; Info     ; Connected to dangling logic. Logic that only feeds a dangling port will be removed. ;
+---------------+--------+----------+-------------------------------------------------------------------------------------+


+--------------------------------------------------------------------------------------------------------------------+
; Port Connectivity Checks: "SIPO_A_shift:Data_in"                                                                   ;
+----------+--------+----------+-------------------------------------------------------------------------------------+
; Port     ; Type   ; Severity ; Details                                                                             ;
+----------+--------+----------+-------------------------------------------------------------------------------------+
; clr      ; Input  ; Info     ; Stuck at GND                                                                        ;
; po[7..5] ; Output ; Info     ; Connected to dangling logic. Logic that only feeds a dangling port will be removed. ;
; po[15]   ; Output ; Info     ; Connected to dangling logic. Logic that only feeds a dangling port will be removed. ;
+----------+--------+----------+-------------------------------------------------------------------------------------+


+-----------------------------------------------------+
; Post-Synthesis Netlist Statistics for Top Partition ;
+-----------------------+-----------------------------+
; Type                  ; Count                       ;
+-----------------------+-----------------------------+
; boundary_port         ; 89                          ;
; cycloneiii_io_obuf    ; 40                          ;
; cycloneiii_lcell_comb ; 1                           ;
;     normal            ; 1                           ;
;         0 data inputs ; 1                           ;
;                       ;                             ;
; Max LUT depth         ; 0.00                        ;
; Average LUT depth     ; 0.00                        ;
+-----------------------+-----------------------------+


+-------------------------------+
; Elapsed Time Per Partition    ;
+----------------+--------------+
; Partition Name ; Elapsed Time ;
+----------------+--------------+
; Top            ; 00:00:00     ;
+----------------+--------------+


+-------------------------------+
; Analysis & Synthesis Messages ;
+-------------------------------+
Info: *******************************************************************
Info: Running Quartus Prime Analysis & Synthesis
    Info: Version 17.1.0 Build 590 10/25/2017 SJ Lite Edition
    Info: Processing started: Sun Apr 29 02:06:25 2018
Info: Command: quartus_map --read_settings_files=on --write_settings_files=off BuildingController -c BuildingController
Warning (18236): Number of processors has not been specified which may cause overloading on shared machines.  Set the global assignment NUM_PARALLEL_PROCESSORS in your QSF to an appropriate value for best performance.
Info (20030): Parallel compilation is enabled and will use 4 of the 4 processors detected
Warning (12090): Entity "Mux" obtained from "BuildingController.vhd" instead of from Quartus Prime megafunction library File: //Mac/Home/Documents/DLDProject/BuildingController/BuildingController.vhd Line: 727
Info (12021): Found 28 design units, including 14 entities, in source file buildingcontroller.vhd
    Info (12022): Found design unit 1: BuildingController-a File: //Mac/Home/Documents/DLDProject/BuildingController/BuildingController.vhd Line: 13
    Info (12022): Found design unit 2: ls74-a File: //Mac/Home/Documents/DLDProject/BuildingController/BuildingController.vhd Line: 603
    Info (12022): Found design unit 3: SIPO_A_shift-d File: //Mac/Home/Documents/DLDProject/BuildingController/BuildingController.vhd Line: 632
    Info (12022): Found design unit 4: counter-e File: //Mac/Home/Documents/DLDProject/BuildingController/BuildingController.vhd Line: 660
    Info (12022): Found design unit 5: asynch_counter-e File: //Mac/Home/Documents/DLDProject/BuildingController/BuildingController.vhd Line: 696
    Info (12022): Found design unit 6: Mux-f File: //Mac/Home/Documents/DLDProject/BuildingController/BuildingController.vhd Line: 733
    Info (12022): Found design unit 7: Comparator-g File: //Mac/Home/Documents/DLDProject/BuildingController/BuildingController.vhd Line: 761
    Info (12022): Found design unit 8: PISO_shift-h File: //Mac/Home/Documents/DLDProject/BuildingController/BuildingController.vhd Line: 784
    Info (12022): Found design unit 9: tri_state_buffer_top-Behavioral File: //Mac/Home/Documents/DLDProject/BuildingController/BuildingController.vhd Line: 814
    Info (12022): Found design unit 10: decoder_2to4-Behavioral File: //Mac/Home/Documents/DLDProject/BuildingController/BuildingController.vhd Line: 839
    Info (12022): Found design unit 11: mux2_4bit-Behavioral File: //Mac/Home/Documents/DLDProject/BuildingController/BuildingController.vhd Line: 860
    Info (12022): Found design unit 12: mux4_4bit-Behavioral File: //Mac/Home/Documents/DLDProject/BuildingController/BuildingController.vhd Line: 878
    Info (12022): Found design unit 13: reg4-Behavioral File: //Mac/Home/Documents/DLDProject/BuildingController/BuildingController.vhd Line: 898
    Info (12022): Found design unit 14: register_file-Behavioral File: //Mac/Home/Documents/DLDProject/BuildingController/BuildingController.vhd Line: 930
    Info (12023): Found entity 1: BuildingController File: //Mac/Home/Documents/DLDProject/BuildingController/BuildingController.vhd Line: 4
    Info (12023): Found entity 2: ls74 File: //Mac/Home/Documents/DLDProject/BuildingController/BuildingController.vhd Line: 594
    Info (12023): Found entity 3: SIPO_A_shift File: //Mac/Home/Documents/DLDProject/BuildingController/BuildingController.vhd Line: 626
    Info (12023): Found entity 4: counter File: //Mac/Home/Documents/DLDProject/BuildingController/BuildingController.vhd Line: 655
    Info (12023): Found entity 5: asynch_counter File: //Mac/Home/Documents/DLDProject/BuildingController/BuildingController.vhd Line: 690
    Info (12023): Found entity 6: Mux File: //Mac/Home/Documents/DLDProject/BuildingController/BuildingController.vhd Line: 727
    Info (12023): Found entity 7: Comparator File: //Mac/Home/Documents/DLDProject/BuildingController/BuildingController.vhd Line: 757
    Info (12023): Found entity 8: PISO_shift File: //Mac/Home/Documents/DLDProject/BuildingController/BuildingController.vhd Line: 779
    Info (12023): Found entity 9: tri_state_buffer_top File: //Mac/Home/Documents/DLDProject/BuildingController/BuildingController.vhd Line: 808
    Info (12023): Found entity 10: decoder_2to4 File: //Mac/Home/Documents/DLDProject/BuildingController/BuildingController.vhd Line: 829
    Info (12023): Found entity 11: mux2_4bit File: //Mac/Home/Documents/DLDProject/BuildingController/BuildingController.vhd Line: 853
    Info (12023): Found entity 12: mux4_4bit File: //Mac/Home/Documents/DLDProject/BuildingController/BuildingController.vhd Line: 872
    Info (12023): Found entity 13: reg4 File: //Mac/Home/Documents/DLDProject/BuildingController/BuildingController.vhd Line: 892
    Info (12023): Found entity 14: register_file File: //Mac/Home/Documents/DLDProject/BuildingController/BuildingController.vhd Line: 914
Info (12127): Elaborating entity "BuildingController" for the top level hierarchy
Warning (10541): VHDL Signal Declaration warning at BuildingController.vhd(6): used implicit default value for signal "ledr" because signal was never assigned a value or an explicit default value. Use of implicit default value may introduce unintended design optimizations. File: //Mac/Home/Documents/DLDProject/BuildingController/BuildingController.vhd Line: 6
Warning (10541): VHDL Signal Declaration warning at BuildingController.vhd(90): used implicit default value for signal "tx1" because signal was never assigned a value or an explicit default value. Use of implicit default value may introduce unintended design optimizations. File: //Mac/Home/Documents/DLDProject/BuildingController/BuildingController.vhd Line: 90
Warning (10036): Verilog HDL or VHDL warning at BuildingController.vhd(90): object "tx2" assigned a value but never read File: //Mac/Home/Documents/DLDProject/BuildingController/BuildingController.vhd Line: 90
Warning (10541): VHDL Signal Declaration warning at BuildingController.vhd(91): used implicit default value for signal "buildingID" because signal was never assigned a value or an explicit default value. Use of implicit default value may introduce unintended design optimizations. File: //Mac/Home/Documents/DLDProject/BuildingController/BuildingController.vhd Line: 91
Warning (10541): VHDL Signal Declaration warning at BuildingController.vhd(91): used implicit default value for signal "ourID" because signal was never assigned a value or an explicit default value. Use of implicit default value may introduce unintended design optimizations. File: //Mac/Home/Documents/DLDProject/BuildingController/BuildingController.vhd Line: 91
Warning (10036): Verilog HDL or VHDL warning at BuildingController.vhd(106): object "r0" assigned a value but never read File: //Mac/Home/Documents/DLDProject/BuildingController/BuildingController.vhd Line: 106
Warning (10036): Verilog HDL or VHDL warning at BuildingController.vhd(106): object "r1" assigned a value but never read File: //Mac/Home/Documents/DLDProject/BuildingController/BuildingController.vhd Line: 106
Warning (10036): Verilog HDL or VHDL warning at BuildingController.vhd(106): object "r2" assigned a value but never read File: //Mac/Home/Documents/DLDProject/BuildingController/BuildingController.vhd Line: 106
Warning (10036): Verilog HDL or VHDL warning at BuildingController.vhd(106): object "r3" assigned a value but never read File: //Mac/Home/Documents/DLDProject/BuildingController/BuildingController.vhd Line: 106
Warning (10873): Using initial value X (don't care) for net "ledg[7..6]" at BuildingController.vhd(9) File: //Mac/Home/Documents/DLDProject/BuildingController/BuildingController.vhd Line: 9
Warning (10665): Bidirectional port "gpio[5]" at BuildingController.vhd(5) has a one-way connection to bidirectional port "gpio[14]" File: //Mac/Home/Documents/DLDProject/BuildingController/BuildingController.vhd Line: 5
Info (12128): Elaborating entity "SIPO_A_shift" for hierarchy "SIPO_A_shift:Data_in" File: //Mac/Home/Documents/DLDProject/BuildingController/BuildingController.vhd Line: 110
Info (12128): Elaborating entity "asynch_counter" for hierarchy "asynch_counter:StateCounter" File: //Mac/Home/Documents/DLDProject/BuildingController/BuildingController.vhd Line: 130
Warning (10492): VHDL Process Statement warning at BuildingController.vhd(703): signal "EN" is read inside the Process Statement but isn't in the Process Statement's sensitivity list File: //Mac/Home/Documents/DLDProject/BuildingController/BuildingController.vhd Line: 703
Warning (10492): VHDL Process Statement warning at BuildingController.vhd(714): signal "tmp" is read inside the Process Statement but isn't in the Process Statement's sensitivity list File: //Mac/Home/Documents/DLDProject/BuildingController/BuildingController.vhd Line: 714
Warning (10631): VHDL Process Statement warning at BuildingController.vhd(699): inferring latch(es) for signal or variable "RCO", which holds its previous value in one or more paths through the process File: //Mac/Home/Documents/DLDProject/BuildingController/BuildingController.vhd Line: 699
Info (10041): Inferred latch for "RCO" at BuildingController.vhd(699) File: //Mac/Home/Documents/DLDProject/BuildingController/BuildingController.vhd Line: 699
Info (12128): Elaborating entity "ls74" for hierarchy "ls74:RisingEqualDFF" File: //Mac/Home/Documents/DLDProject/BuildingController/BuildingController.vhd Line: 150
Info (12128): Elaborating entity "Comparator" for hierarchy "Comparator:selectedForTransmission" File: //Mac/Home/Documents/DLDProject/BuildingController/BuildingController.vhd Line: 174
Info (12128): Elaborating entity "Mux" for hierarchy "Mux:outputMux" File: //Mac/Home/Documents/DLDProject/BuildingController/BuildingController.vhd Line: 181
Warning (10492): VHDL Process Statement warning at BuildingController.vhd(739): signal "A" is read inside the Process Statement but isn't in the Process Statement's sensitivity list File: //Mac/Home/Documents/DLDProject/BuildingController/BuildingController.vhd Line: 739
Warning (10492): VHDL Process Statement warning at BuildingController.vhd(741): signal "B" is read inside the Process Statement but isn't in the Process Statement's sensitivity list File: //Mac/Home/Documents/DLDProject/BuildingController/BuildingController.vhd Line: 741
Warning (10492): VHDL Process Statement warning at BuildingController.vhd(743): signal "C" is read inside the Process Statement but isn't in the Process Statement's sensitivity list File: //Mac/Home/Documents/DLDProject/BuildingController/BuildingController.vhd Line: 743
Warning (10492): VHDL Process Statement warning at BuildingController.vhd(745): signal "D" is read inside the Process Statement but isn't in the Process Statement's sensitivity list File: //Mac/Home/Documents/DLDProject/BuildingController/BuildingController.vhd Line: 745
Warning (10631): VHDL Process Statement warning at BuildingController.vhd(736): inferring latch(es) for signal or variable "tmp", which holds its previous value in one or more paths through the process File: //Mac/Home/Documents/DLDProject/BuildingController/BuildingController.vhd Line: 736
Info (10041): Inferred latch for "tmp[0]" at BuildingController.vhd(736) File: //Mac/Home/Documents/DLDProject/BuildingController/BuildingController.vhd Line: 736
Info (10041): Inferred latch for "tmp[1]" at BuildingController.vhd(736) File: //Mac/Home/Documents/DLDProject/BuildingController/BuildingController.vhd Line: 736
Info (10041): Inferred latch for "tmp[2]" at BuildingController.vhd(736) File: //Mac/Home/Documents/DLDProject/BuildingController/BuildingController.vhd Line: 736
Info (10041): Inferred latch for "tmp[3]" at BuildingController.vhd(736) File: //Mac/Home/Documents/DLDProject/BuildingController/BuildingController.vhd Line: 736
Info (10041): Inferred latch for "tmp[4]" at BuildingController.vhd(736) File: //Mac/Home/Documents/DLDProject/BuildingController/BuildingController.vhd Line: 736
Info (10041): Inferred latch for "tmp[5]" at BuildingController.vhd(736) File: //Mac/Home/Documents/DLDProject/BuildingController/BuildingController.vhd Line: 736
Info (10041): Inferred latch for "tmp[6]" at BuildingController.vhd(736) File: //Mac/Home/Documents/DLDProject/BuildingController/BuildingController.vhd Line: 736
Info (10041): Inferred latch for "tmp[7]" at BuildingController.vhd(736) File: //Mac/Home/Documents/DLDProject/BuildingController/BuildingController.vhd Line: 736
Info (10041): Inferred latch for "tmp[8]" at BuildingController.vhd(736) File: //Mac/Home/Documents/DLDProject/BuildingController/BuildingController.vhd Line: 736
Info (10041): Inferred latch for "tmp[9]" at BuildingController.vhd(736) File: //Mac/Home/Documents/DLDProject/BuildingController/BuildingController.vhd Line: 736
Info (10041): Inferred latch for "tmp[10]" at BuildingController.vhd(736) File: //Mac/Home/Documents/DLDProject/BuildingController/BuildingController.vhd Line: 736
Info (10041): Inferred latch for "tmp[11]" at BuildingController.vhd(736) File: //Mac/Home/Documents/DLDProject/BuildingController/BuildingController.vhd Line: 736
Info (10041): Inferred latch for "tmp[12]" at BuildingController.vhd(736) File: //Mac/Home/Documents/DLDProject/BuildingController/BuildingController.vhd Line: 736
Info (10041): Inferred latch for "tmp[13]" at BuildingController.vhd(736) File: //Mac/Home/Documents/DLDProject/BuildingController/BuildingController.vhd Line: 736
Info (10041): Inferred latch for "tmp[14]" at BuildingController.vhd(736) File: //Mac/Home/Documents/DLDProject/BuildingController/BuildingController.vhd Line: 736
Info (10041): Inferred latch for "tmp[15]" at BuildingController.vhd(736) File: //Mac/Home/Documents/DLDProject/BuildingController/BuildingController.vhd Line: 736
Info (12128): Elaborating entity "PISO_shift" for hierarchy "PISO_shift:outputShifter" File: //Mac/Home/Documents/DLDProject/BuildingController/BuildingController.vhd Line: 192
Info (12128): Elaborating entity "tri_state_buffer_top" for hierarchy "tri_state_buffer_top:busBuffer" File: //Mac/Home/Documents/DLDProject/BuildingController/BuildingController.vhd Line: 203
Info (12128): Elaborating entity "register_file" for hierarchy "register_file:database" File: //Mac/Home/Documents/DLDProject/BuildingController/BuildingController.vhd Line: 210
Info (12128): Elaborating entity "reg4" for hierarchy "register_file:database|reg4:reg00" File: //Mac/Home/Documents/DLDProject/BuildingController/BuildingController.vhd Line: 977
Info (12128): Elaborating entity "decoder_2to4" for hierarchy "register_file:database|decoder_2to4:des_decoder_2to4" File: //Mac/Home/Documents/DLDProject/BuildingController/BuildingController.vhd Line: 1002
Info (12128): Elaborating entity "mux2_4bit" for hierarchy "register_file:database|mux2_4bit:data_src_mux2_4bit" File: //Mac/Home/Documents/DLDProject/BuildingController/BuildingController.vhd Line: 1006
Info (12128): Elaborating entity "mux4_4bit" for hierarchy "register_file:database|mux4_4bit:Inst_mux4_4bit" File: //Mac/Home/Documents/DLDProject/BuildingController/BuildingController.vhd Line: 1012
Info (13014): Ignored 1 buffer(s)
    Info (13019): Ignored 1 SOFT buffer(s)
Warning (13039): The following bidirectional pins have no drivers
    Warning (13040): bidirectional pin "gpio[13]" has no driver File: //Mac/Home/Documents/DLDProject/BuildingController/BuildingController.vhd Line: 5
    Warning (13040): bidirectional pin "gpio[5]" has no driver File: //Mac/Home/Documents/DLDProject/BuildingController/BuildingController.vhd Line: 5
    Warning (13040): bidirectional pin "gpio[0]" has no driver File: //Mac/Home/Documents/DLDProject/BuildingController/BuildingController.vhd Line: 5
    Warning (13040): bidirectional pin "gpio[1]" has no driver File: //Mac/Home/Documents/DLDProject/BuildingController/BuildingController.vhd Line: 5
    Warning (13040): bidirectional pin "gpio[2]" has no driver File: //Mac/Home/Documents/DLDProject/BuildingController/BuildingController.vhd Line: 5
    Warning (13040): bidirectional pin "gpio[3]" has no driver File: //Mac/Home/Documents/DLDProject/BuildingController/BuildingController.vhd Line: 5
    Warning (13040): bidirectional pin "gpio[4]" has no driver File: //Mac/Home/Documents/DLDProject/BuildingController/BuildingController.vhd Line: 5
    Warning (13040): bidirectional pin "gpio[15]" has no driver File: //Mac/Home/Documents/DLDProject/BuildingController/BuildingController.vhd Line: 5
    Warning (13040): bidirectional pin "gpio[16]" has no driver File: //Mac/Home/Documents/DLDProject/BuildingController/BuildingController.vhd Line: 5
    Warning (13040): bidirectional pin "gpio[17]" has no driver File: //Mac/Home/Documents/DLDProject/BuildingController/BuildingController.vhd Line: 5
    Warning (13040): bidirectional pin "gpio[18]" has no driver File: //Mac/Home/Documents/DLDProject/BuildingController/BuildingController.vhd Line: 5
    Warning (13040): bidirectional pin "gpio[19]" has no driver File: //Mac/Home/Documents/DLDProject/BuildingController/BuildingController.vhd Line: 5
    Warning (13040): bidirectional pin "gpio[20]" has no driver File: //Mac/Home/Documents/DLDProject/BuildingController/BuildingController.vhd Line: 5
    Warning (13040): bidirectional pin "gpio[21]" has no driver File: //Mac/Home/Documents/DLDProject/BuildingController/BuildingController.vhd Line: 5
    Warning (13040): bidirectional pin "gpio[22]" has no driver File: //Mac/Home/Documents/DLDProject/BuildingController/BuildingController.vhd Line: 5
    Warning (13040): bidirectional pin "gpio[23]" has no driver File: //Mac/Home/Documents/DLDProject/BuildingController/BuildingController.vhd Line: 5
    Warning (13040): bidirectional pin "gpio[24]" has no driver File: //Mac/Home/Documents/DLDProject/BuildingController/BuildingController.vhd Line: 5
    Warning (13040): bidirectional pin "gpio[25]" has no driver File: //Mac/Home/Documents/DLDProject/BuildingController/BuildingController.vhd Line: 5
    Warning (13040): bidirectional pin "gpio[26]" has no driver File: //Mac/Home/Documents/DLDProject/BuildingController/BuildingController.vhd Line: 5
    Warning (13040): bidirectional pin "gpio[27]" has no driver File: //Mac/Home/Documents/DLDProject/BuildingController/BuildingController.vhd Line: 5
    Warning (13040): bidirectional pin "gpio[28]" has no driver File: //Mac/Home/Documents/DLDProject/BuildingController/BuildingController.vhd Line: 5
    Warning (13040): bidirectional pin "gpio[29]" has no driver File: //Mac/Home/Documents/DLDProject/BuildingController/BuildingController.vhd Line: 5
    Warning (13040): bidirectional pin "gpio[30]" has no driver File: //Mac/Home/Documents/DLDProject/BuildingController/BuildingController.vhd Line: 5
    Warning (13040): bidirectional pin "gpio[31]" has no driver File: //Mac/Home/Documents/DLDProject/BuildingController/BuildingController.vhd Line: 5
    Warning (13040): bidirectional pin "gpio[32]" has no driver File: //Mac/Home/Documents/DLDProject/BuildingController/BuildingController.vhd Line: 5
    Warning (13040): bidirectional pin "gpio[33]" has no driver File: //Mac/Home/Documents/DLDProject/BuildingController/BuildingController.vhd Line: 5
    Warning (13040): bidirectional pin "gpio[34]" has no driver File: //Mac/Home/Documents/DLDProject/BuildingController/BuildingController.vhd Line: 5
    Warning (13040): bidirectional pin "gpio[35]" has no driver File: //Mac/Home/Documents/DLDProject/BuildingController/BuildingController.vhd Line: 5
    Warning (13040): bidirectional pin "gpio[36]" has no driver File: //Mac/Home/Documents/DLDProject/BuildingController/BuildingController.vhd Line: 5
    Warning (13040): bidirectional pin "gpio[37]" has no driver File: //Mac/Home/Documents/DLDProject/BuildingController/BuildingController.vhd Line: 5
    Warning (13040): bidirectional pin "gpio[38]" has no driver File: //Mac/Home/Documents/DLDProject/BuildingController/BuildingController.vhd Line: 5
    Warning (13040): bidirectional pin "gpio[39]" has no driver File: //Mac/Home/Documents/DLDProject/BuildingController/BuildingController.vhd Line: 5
Warning (13032): The following tri-state nodes are fed by constants
    Warning (13033): The pin "gpio[12]" is fed by GND File: //Mac/Home/Documents/DLDProject/BuildingController/BuildingController.vhd Line: 5
    Warning (13033): The pin "gpio[11]" is fed by GND File: //Mac/Home/Documents/DLDProject/BuildingController/BuildingController.vhd Line: 5
    Warning (13033): The pin "gpio[10]" is fed by GND File: //Mac/Home/Documents/DLDProject/BuildingController/BuildingController.vhd Line: 5
    Warning (13033): The pin "gpio[9]" is fed by GND File: //Mac/Home/Documents/DLDProject/BuildingController/BuildingController.vhd Line: 5
    Warning (13033): The pin "gpio[8]" is fed by GND File: //Mac/Home/Documents/DLDProject/BuildingController/BuildingController.vhd Line: 5
    Warning (13033): The pin "gpio[7]" is fed by GND File: //Mac/Home/Documents/DLDProject/BuildingController/BuildingController.vhd Line: 5
    Warning (13033): The pin "gpio[6]" is fed by GND File: //Mac/Home/Documents/DLDProject/BuildingController/BuildingController.vhd Line: 5
Warning (13009): TRI or OPNDRN buffers permanently enabled
    Warning (13010): Node "master_clock~synth" File: //Mac/Home/Documents/DLDProject/BuildingController/BuildingController.vhd Line: 90
Warning (13024): Output pins are stuck at VCC or GND
    Warning (13410): Pin "ledr[0]" is stuck at GND File: //Mac/Home/Documents/DLDProject/BuildingController/BuildingController.vhd Line: 6
    Warning (13410): Pin "ledr[1]" is stuck at GND File: //Mac/Home/Documents/DLDProject/BuildingController/BuildingController.vhd Line: 6
    Warning (13410): Pin "ledr[2]" is stuck at GND File: //Mac/Home/Documents/DLDProject/BuildingController/BuildingController.vhd Line: 6
    Warning (13410): Pin "ledr[3]" is stuck at GND File: //Mac/Home/Documents/DLDProject/BuildingController/BuildingController.vhd Line: 6
    Warning (13410): Pin "ledr[4]" is stuck at GND File: //Mac/Home/Documents/DLDProject/BuildingController/BuildingController.vhd Line: 6
    Warning (13410): Pin "ledr[5]" is stuck at GND File: //Mac/Home/Documents/DLDProject/BuildingController/BuildingController.vhd Line: 6
    Warning (13410): Pin "ledr[6]" is stuck at GND File: //Mac/Home/Documents/DLDProject/BuildingController/BuildingController.vhd Line: 6
    Warning (13410): Pin "ledr[7]" is stuck at GND File: //Mac/Home/Documents/DLDProject/BuildingController/BuildingController.vhd Line: 6
    Warning (13410): Pin "ledr[8]" is stuck at GND File: //Mac/Home/Documents/DLDProject/BuildingController/BuildingController.vhd Line: 6
    Warning (13410): Pin "ledr[9]" is stuck at GND File: //Mac/Home/Documents/DLDProject/BuildingController/BuildingController.vhd Line: 6
    Warning (13410): Pin "ledr[10]" is stuck at GND File: //Mac/Home/Documents/DLDProject/BuildingController/BuildingController.vhd Line: 6
    Warning (13410): Pin "ledr[11]" is stuck at GND File: //Mac/Home/Documents/DLDProject/BuildingController/BuildingController.vhd Line: 6
    Warning (13410): Pin "ledr[12]" is stuck at GND File: //Mac/Home/Documents/DLDProject/BuildingController/BuildingController.vhd Line: 6
    Warning (13410): Pin "ledr[13]" is stuck at GND File: //Mac/Home/Documents/DLDProject/BuildingController/BuildingController.vhd Line: 6
    Warning (13410): Pin "ledr[14]" is stuck at GND File: //Mac/Home/Documents/DLDProject/BuildingController/BuildingController.vhd Line: 6
    Warning (13410): Pin "ledr[15]" is stuck at GND File: //Mac/Home/Documents/DLDProject/BuildingController/BuildingController.vhd Line: 6
    Warning (13410): Pin "ledr[16]" is stuck at GND File: //Mac/Home/Documents/DLDProject/BuildingController/BuildingController.vhd Line: 6
    Warning (13410): Pin "ledr[17]" is stuck at GND File: //Mac/Home/Documents/DLDProject/BuildingController/BuildingController.vhd Line: 6
    Warning (13410): Pin "ledg[0]" is stuck at GND File: //Mac/Home/Documents/DLDProject/BuildingController/BuildingController.vhd Line: 9
    Warning (13410): Pin "ledg[1]" is stuck at GND File: //Mac/Home/Documents/DLDProject/BuildingController/BuildingController.vhd Line: 9
    Warning (13410): Pin "ledg[2]" is stuck at GND File: //Mac/Home/Documents/DLDProject/BuildingController/BuildingController.vhd Line: 9
    Warning (13410): Pin "ledg[3]" is stuck at GND File: //Mac/Home/Documents/DLDProject/BuildingController/BuildingController.vhd Line: 9
    Warning (13410): Pin "ledg[4]" is stuck at GND File: //Mac/Home/Documents/DLDProject/BuildingController/BuildingController.vhd Line: 9
    Warning (13410): Pin "ledg[5]" is stuck at GND File: //Mac/Home/Documents/DLDProject/BuildingController/BuildingController.vhd Line: 9
    Warning (13410): Pin "ledg[6]" is stuck at GND File: //Mac/Home/Documents/DLDProject/BuildingController/BuildingController.vhd Line: 9
    Warning (13410): Pin "ledg[7]" is stuck at GND File: //Mac/Home/Documents/DLDProject/BuildingController/BuildingController.vhd Line: 9
Warning (14632): Output pin "ledg[8]" driven by bidirectional pin "gpio[5]" cannot be tri-stated File: //Mac/Home/Documents/DLDProject/BuildingController/BuildingController.vhd Line: 9
Info (17049): 25 registers lost all their fanouts during netlist optimizations.
Info (16010): Generating hard_block partition "hard_block:auto_generated_inst"
    Info (16011): Adding 0 node(s), including 0 DDIO, 0 PLL, 0 transceiver and 0 LCELL
Warning (21074): Design contains 22 input pin(s) that do not drive logic
    Warning (15610): No output dependent on input pin "sw[0]" File: //Mac/Home/Documents/DLDProject/BuildingController/BuildingController.vhd Line: 7
    Warning (15610): No output dependent on input pin "sw[1]" File: //Mac/Home/Documents/DLDProject/BuildingController/BuildingController.vhd Line: 7
    Warning (15610): No output dependent on input pin "sw[2]" File: //Mac/Home/Documents/DLDProject/BuildingController/BuildingController.vhd Line: 7
    Warning (15610): No output dependent on input pin "sw[3]" File: //Mac/Home/Documents/DLDProject/BuildingController/BuildingController.vhd Line: 7
    Warning (15610): No output dependent on input pin "sw[4]" File: //Mac/Home/Documents/DLDProject/BuildingController/BuildingController.vhd Line: 7
    Warning (15610): No output dependent on input pin "sw[5]" File: //Mac/Home/Documents/DLDProject/BuildingController/BuildingController.vhd Line: 7
    Warning (15610): No output dependent on input pin "sw[6]" File: //Mac/Home/Documents/DLDProject/BuildingController/BuildingController.vhd Line: 7
    Warning (15610): No output dependent on input pin "sw[7]" File: //Mac/Home/Documents/DLDProject/BuildingController/BuildingController.vhd Line: 7
    Warning (15610): No output dependent on input pin "sw[8]" File: //Mac/Home/Documents/DLDProject/BuildingController/BuildingController.vhd Line: 7
    Warning (15610): No output dependent on input pin "sw[9]" File: //Mac/Home/Documents/DLDProject/BuildingController/BuildingController.vhd Line: 7
    Warning (15610): No output dependent on input pin "sw[10]" File: //Mac/Home/Documents/DLDProject/BuildingController/BuildingController.vhd Line: 7
    Warning (15610): No output dependent on input pin "sw[11]" File: //Mac/Home/Documents/DLDProject/BuildingController/BuildingController.vhd Line: 7
    Warning (15610): No output dependent on input pin "sw[12]" File: //Mac/Home/Documents/DLDProject/BuildingController/BuildingController.vhd Line: 7
    Warning (15610): No output dependent on input pin "sw[13]" File: //Mac/Home/Documents/DLDProject/BuildingController/BuildingController.vhd Line: 7
    Warning (15610): No output dependent on input pin "sw[14]" File: //Mac/Home/Documents/DLDProject/BuildingController/BuildingController.vhd Line: 7
    Warning (15610): No output dependent on input pin "sw[15]" File: //Mac/Home/Documents/DLDProject/BuildingController/BuildingController.vhd Line: 7
    Warning (15610): No output dependent on input pin "sw[16]" File: //Mac/Home/Documents/DLDProject/BuildingController/BuildingController.vhd Line: 7
    Warning (15610): No output dependent on input pin "sw[17]" File: //Mac/Home/Documents/DLDProject/BuildingController/BuildingController.vhd Line: 7
    Warning (15610): No output dependent on input pin "key[0]" File: //Mac/Home/Documents/DLDProject/BuildingController/BuildingController.vhd Line: 8
    Warning (15610): No output dependent on input pin "key[1]" File: //Mac/Home/Documents/DLDProject/BuildingController/BuildingController.vhd Line: 8
    Warning (15610): No output dependent on input pin "key[2]" File: //Mac/Home/Documents/DLDProject/BuildingController/BuildingController.vhd Line: 8
    Warning (15610): No output dependent on input pin "key[3]" File: //Mac/Home/Documents/DLDProject/BuildingController/BuildingController.vhd Line: 8
Info (21057): Implemented 89 device resources after synthesis - the final resource count might be different
    Info (21058): Implemented 22 input pins
    Info (21059): Implemented 27 output pins
    Info (21060): Implemented 40 bidirectional pins
Info: Quartus Prime Analysis & Synthesis was successful. 0 errors, 115 warnings
    Info: Peak virtual memory: 714 megabytes
    Info: Processing ended: Sun Apr 29 02:06:39 2018
    Info: Elapsed time: 00:00:14
    Info: Total CPU time (on all processors): 00:00:27


