Analysis & Synthesis report for ClassroomController
Sun Apr 29 22:30:10 2018
Quartus Prime Version 17.1.0 Build 590 10/25/2017 SJ Lite Edition


---------------------
; Table of Contents ;
---------------------
  1. Legal Notice
  2. Analysis & Synthesis Summary
  3. Analysis & Synthesis Settings
  4. Parallel Compilation
  5. Analysis & Synthesis Source Files Read
  6. Analysis & Synthesis Resource Usage Summary
  7. Analysis & Synthesis Resource Utilization by Entity
  8. Registers Removed During Synthesis
  9. Removed Registers Triggering Further Register Optimizations
 10. General Register Statistics
 11. Inverted Register Statistics
 12. Port Connectivity Checks: "ClassroomControllerHardware:Classroom3"
 13. Port Connectivity Checks: "ClassroomControllerHardware:Classroom2"
 14. Port Connectivity Checks: "ClassroomControllerHardware:Classroom1"
 15. Port Connectivity Checks: "ClassroomControllerHardware:Classroom0|piso48b:serialOutReg"
 16. Port Connectivity Checks: "ClassroomControllerHardware:Classroom0|ls74:RisingEqualDFF"
 17. Port Connectivity Checks: "ClassroomControllerHardware:Classroom0|comparator6b:classroomComparator"
 18. Port Connectivity Checks: "ClassroomControllerHardware:Classroom0"
 19. Post-Synthesis Netlist Statistics for Top Partition
 20. Elapsed Time Per Partition
 21. Analysis & Synthesis Messages



----------------
; Legal Notice ;
----------------
Copyright (C) 2017  Intel Corporation. All rights reserved.
Your use of Intel Corporation's design tools, logic functions 
and other software and tools, and its AMPP partner logic 
functions, and any output files from any of the foregoing 
(including device programming or simulation files), and any 
associated documentation or information are expressly subject 
to the terms and conditions of the Intel Program License 
Subscription Agreement, the Intel Quartus Prime License Agreement,
the Intel FPGA IP License Agreement, or other applicable license
agreement, including, without limitation, that your use is for
the sole purpose of programming logic devices manufactured by
Intel and sold by Intel or its authorized distributors.  Please
refer to the applicable agreement for further details.



+----------------------------------------------------------------------------------+
; Analysis & Synthesis Summary                                                     ;
+------------------------------------+---------------------------------------------+
; Analysis & Synthesis Status        ; Successful - Sun Apr 29 22:30:09 2018       ;
; Quartus Prime Version              ; 17.1.0 Build 590 10/25/2017 SJ Lite Edition ;
; Revision Name                      ; ClassroomController                         ;
; Top-level Entity Name              ; ClassroomController                         ;
; Family                             ; Cyclone IV E                                ;
; Total logic elements               ; 140                                         ;
;     Total combinational functions  ; 140                                         ;
;     Dedicated logic registers      ; 132                                         ;
; Total registers                    ; 132                                         ;
; Total pins                         ; 89                                          ;
; Total virtual pins                 ; 0                                           ;
; Total memory bits                  ; 0                                           ;
; Embedded Multiplier 9-bit elements ; 0                                           ;
; Total PLLs                         ; 0                                           ;
+------------------------------------+---------------------------------------------+


+------------------------------------------------------------------------------------------------------------------------+
; Analysis & Synthesis Settings                                                                                          ;
+----------------------------------------------------------------------------+---------------------+---------------------+
; Option                                                                     ; Setting             ; Default Value       ;
+----------------------------------------------------------------------------+---------------------+---------------------+
; Device                                                                     ; EP4CE115F29C7       ;                     ;
; Top-level entity name                                                      ; ClassroomController ; ClassroomController ;
; Family name                                                                ; Cyclone IV E        ; Cyclone V           ;
; Use smart compilation                                                      ; Off                 ; Off                 ;
; Enable parallel Assembler and TimeQuest Timing Analyzer during compilation ; On                  ; On                  ;
; Enable compact report table                                                ; Off                 ; Off                 ;
; Restructure Multiplexers                                                   ; Auto                ; Auto                ;
; Create Debugging Nodes for IP Cores                                        ; Off                 ; Off                 ;
; Preserve fewer node names                                                  ; On                  ; On                  ;
; Intel FPGA IP Evaluation Mode                                              ; Enable              ; Enable              ;
; Verilog Version                                                            ; Verilog_2001        ; Verilog_2001        ;
; VHDL Version                                                               ; VHDL_1993           ; VHDL_1993           ;
; State Machine Processing                                                   ; Auto                ; Auto                ;
; Safe State Machine                                                         ; Off                 ; Off                 ;
; Extract Verilog State Machines                                             ; On                  ; On                  ;
; Extract VHDL State Machines                                                ; On                  ; On                  ;
; Ignore Verilog initial constructs                                          ; Off                 ; Off                 ;
; Iteration limit for constant Verilog loops                                 ; 5000                ; 5000                ;
; Iteration limit for non-constant Verilog loops                             ; 250                 ; 250                 ;
; Add Pass-Through Logic to Inferred RAMs                                    ; On                  ; On                  ;
; Infer RAMs from Raw Logic                                                  ; On                  ; On                  ;
; Parallel Synthesis                                                         ; On                  ; On                  ;
; DSP Block Balancing                                                        ; Auto                ; Auto                ;
; NOT Gate Push-Back                                                         ; On                  ; On                  ;
; Power-Up Don't Care                                                        ; On                  ; On                  ;
; Remove Redundant Logic Cells                                               ; Off                 ; Off                 ;
; Remove Duplicate Registers                                                 ; On                  ; On                  ;
; Ignore CARRY Buffers                                                       ; Off                 ; Off                 ;
; Ignore CASCADE Buffers                                                     ; Off                 ; Off                 ;
; Ignore GLOBAL Buffers                                                      ; Off                 ; Off                 ;
; Ignore ROW GLOBAL Buffers                                                  ; Off                 ; Off                 ;
; Ignore LCELL Buffers                                                       ; Off                 ; Off                 ;
; Ignore SOFT Buffers                                                        ; On                  ; On                  ;
; Limit AHDL Integers to 32 Bits                                             ; Off                 ; Off                 ;
; Optimization Technique                                                     ; Balanced            ; Balanced            ;
; Carry Chain Length                                                         ; 70                  ; 70                  ;
; Auto Carry Chains                                                          ; On                  ; On                  ;
; Auto Open-Drain Pins                                                       ; On                  ; On                  ;
; Perform WYSIWYG Primitive Resynthesis                                      ; Off                 ; Off                 ;
; Auto ROM Replacement                                                       ; On                  ; On                  ;
; Auto RAM Replacement                                                       ; On                  ; On                  ;
; Auto DSP Block Replacement                                                 ; On                  ; On                  ;
; Auto Shift Register Replacement                                            ; Auto                ; Auto                ;
; Allow Shift Register Merging across Hierarchies                            ; Auto                ; Auto                ;
; Auto Clock Enable Replacement                                              ; On                  ; On                  ;
; Strict RAM Replacement                                                     ; Off                 ; Off                 ;
; Allow Synchronous Control Signals                                          ; On                  ; On                  ;
; Force Use of Synchronous Clear Signals                                     ; Off                 ; Off                 ;
; Auto RAM Block Balancing                                                   ; On                  ; On                  ;
; Auto RAM to Logic Cell Conversion                                          ; Off                 ; Off                 ;
; Auto Resource Sharing                                                      ; Off                 ; Off                 ;
; Allow Any RAM Size For Recognition                                         ; Off                 ; Off                 ;
; Allow Any ROM Size For Recognition                                         ; Off                 ; Off                 ;
; Allow Any Shift Register Size For Recognition                              ; Off                 ; Off                 ;
; Use LogicLock Constraints during Resource Balancing                        ; On                  ; On                  ;
; Ignore translate_off and synthesis_off directives                          ; Off                 ; Off                 ;
; Timing-Driven Synthesis                                                    ; On                  ; On                  ;
; Report Parameter Settings                                                  ; On                  ; On                  ;
; Report Source Assignments                                                  ; On                  ; On                  ;
; Report Connectivity Checks                                                 ; On                  ; On                  ;
; Ignore Maximum Fan-Out Assignments                                         ; Off                 ; Off                 ;
; Synchronization Register Chain Length                                      ; 2                   ; 2                   ;
; Power Optimization During Synthesis                                        ; Normal compilation  ; Normal compilation  ;
; HDL message level                                                          ; Level2              ; Level2              ;
; Suppress Register Optimization Related Messages                            ; Off                 ; Off                 ;
; Number of Removed Registers Reported in Synthesis Report                   ; 5000                ; 5000                ;
; Number of Swept Nodes Reported in Synthesis Report                         ; 5000                ; 5000                ;
; Number of Inverted Registers Reported in Synthesis Report                  ; 100                 ; 100                 ;
; Clock MUX Protection                                                       ; On                  ; On                  ;
; Auto Gated Clock Conversion                                                ; Off                 ; Off                 ;
; Block Design Naming                                                        ; Auto                ; Auto                ;
; SDC constraint protection                                                  ; Off                 ; Off                 ;
; Synthesis Effort                                                           ; Auto                ; Auto                ;
; Shift Register Replacement - Allow Asynchronous Clear Signal               ; On                  ; On                  ;
; Pre-Mapping Resynthesis Optimization                                       ; Off                 ; Off                 ;
; Analysis & Synthesis Message Level                                         ; Medium              ; Medium              ;
; Disable Register Merging Across Hierarchies                                ; Auto                ; Auto                ;
; Resource Aware Inference For Block RAM                                     ; On                  ; On                  ;
+----------------------------------------------------------------------------+---------------------+---------------------+


+------------------------------------------+
; Parallel Compilation                     ;
+----------------------------+-------------+
; Processors                 ; Number      ;
+----------------------------+-------------+
; Number detected on machine ; 4           ;
; Maximum allowed            ; 4           ;
;                            ;             ;
; Average used               ; 1.00        ;
; Maximum used               ; 4           ;
;                            ;             ;
; Usage by Processor         ; % Time Used ;
;     Processor 1            ; 100.0%      ;
;     Processors 2-4         ;   0.0%      ;
+----------------------------+-------------+


+--------------------------------------------------------------------------------------------------------------------------------------------------------------+
; Analysis & Synthesis Source Files Read                                                                                                                       ;
+----------------------------------+-----------------+-----------------+-----------------------------------------------------------------------------+---------+
; File Name with User-Entered Path ; Used in Netlist ; File Type       ; File Name with Absolute Path                                                ; Library ;
+----------------------------------+-----------------+-----------------+-----------------------------------------------------------------------------+---------+
; ClassroomController.vhd          ; yes             ; User VHDL File  ; //Mac/Home/Documents/DLDProject/ClassroomController/ClassroomController.vhd ;         ;
+----------------------------------+-----------------+-----------------+-----------------------------------------------------------------------------+---------+


+-------------------------------------------------------------+
; Analysis & Synthesis Resource Usage Summary                 ;
+---------------------------------------------+---------------+
; Resource                                    ; Usage         ;
+---------------------------------------------+---------------+
; Estimated Total logic elements              ; 140           ;
;                                             ;               ;
; Total combinational functions               ; 140           ;
; Logic element usage by number of LUT inputs ;               ;
;     -- 4 input functions                    ; 122           ;
;     -- 3 input functions                    ; 11            ;
;     -- <=2 input functions                  ; 7             ;
;                                             ;               ;
; Logic elements by mode                      ;               ;
;     -- normal mode                          ; 140           ;
;     -- arithmetic mode                      ; 0             ;
;                                             ;               ;
; Total registers                             ; 132           ;
;     -- Dedicated logic registers            ; 132           ;
;     -- I/O registers                        ; 0             ;
;                                             ;               ;
; I/O pins                                    ; 89            ;
;                                             ;               ;
; Embedded Multiplier 9-bit elements          ; 0             ;
;                                             ;               ;
; Maximum fan-out node                        ; gpio[8]~input ;
; Maximum fan-out                             ; 133           ;
; Total fan-out                               ; 942           ;
; Average fan-out                             ; 1.92          ;
+---------------------------------------------+---------------+


+--------------------------------------------------------------------------------------------------------------------------------------------------------------------------------------------------------------------------------------------------------------------------------------------------------------------+
; Analysis & Synthesis Resource Utilization by Entity                                                                                                                                                                                                                                                                ;
+---------------------------------------------+---------------------+---------------------------+-------------+--------------+---------+-----------+------+--------------+----------------------------------------------------------------------------------------------+-----------------------------+--------------+
; Compilation Hierarchy Node                  ; Combinational ALUTs ; Dedicated Logic Registers ; Memory Bits ; DSP Elements ; DSP 9x9 ; DSP 18x18 ; Pins ; Virtual Pins ; Full Hierarchy Name                                                                          ; Entity Name                 ; Library Name ;
+---------------------------------------------+---------------------+---------------------------+-------------+--------------+---------+-----------+------+--------------+----------------------------------------------------------------------------------------------+-----------------------------+--------------+
; |ClassroomController                        ; 140 (0)             ; 132 (0)                   ; 0           ; 0            ; 0       ; 0         ; 89   ; 0            ; |ClassroomController                                                                         ; ClassroomController         ; work         ;
;    |ClassroomControllerHardware:Classroom0| ; 36 (1)              ; 33 (0)                    ; 0           ; 0            ; 0       ; 0         ; 0    ; 0            ; |ClassroomController|ClassroomControllerHardware:Classroom0                                  ; ClassroomControllerHardware ; work         ;
;       |comparator6b:classroomComparator|    ; 1 (1)               ; 0 (0)                     ; 0           ; 0            ; 0       ; 0         ; 0    ; 0            ; |ClassroomController|ClassroomControllerHardware:Classroom0|comparator6b:classroomComparator ; comparator6b                ; work         ;
;       |ls74:RisingEqualDFF|                 ; 0 (0)               ; 1 (1)                     ; 0           ; 0            ; 0       ; 0         ; 0    ; 0            ; |ClassroomController|ClassroomControllerHardware:Classroom0|ls74:RisingEqualDFF              ; ls74                        ; work         ;
;       |piso48b:serialOutReg|                ; 32 (32)             ; 32 (32)                   ; 0           ; 0            ; 0       ; 0         ; 0    ; 0            ; |ClassroomController|ClassroomControllerHardware:Classroom0|piso48b:serialOutReg             ; piso48b                     ; work         ;
;       |tri_state_buffer_top:busBuffer|      ; 2 (2)               ; 0 (0)                     ; 0           ; 0            ; 0       ; 0         ; 0    ; 0            ; |ClassroomController|ClassroomControllerHardware:Classroom0|tri_state_buffer_top:busBuffer   ; tri_state_buffer_top        ; work         ;
;    |ClassroomControllerHardware:Classroom1| ; 37 (1)              ; 33 (0)                    ; 0           ; 0            ; 0       ; 0         ; 0    ; 0            ; |ClassroomController|ClassroomControllerHardware:Classroom1                                  ; ClassroomControllerHardware ; work         ;
;       |comparator6b:classroomComparator|    ; 3 (3)               ; 0 (0)                     ; 0           ; 0            ; 0       ; 0         ; 0    ; 0            ; |ClassroomController|ClassroomControllerHardware:Classroom1|comparator6b:classroomComparator ; comparator6b                ; work         ;
;       |ls74:RisingEqualDFF|                 ; 1 (1)               ; 1 (1)                     ; 0           ; 0            ; 0       ; 0         ; 0    ; 0            ; |ClassroomController|ClassroomControllerHardware:Classroom1|ls74:RisingEqualDFF              ; ls74                        ; work         ;
;       |piso48b:serialOutReg|                ; 32 (32)             ; 32 (32)                   ; 0           ; 0            ; 0       ; 0         ; 0    ; 0            ; |ClassroomController|ClassroomControllerHardware:Classroom1|piso48b:serialOutReg             ; piso48b                     ; work         ;
;    |ClassroomControllerHardware:Classroom2| ; 34 (1)              ; 33 (0)                    ; 0           ; 0            ; 0       ; 0         ; 0    ; 0            ; |ClassroomController|ClassroomControllerHardware:Classroom2                                  ; ClassroomControllerHardware ; work         ;
;       |ls74:RisingEqualDFF|                 ; 1 (1)               ; 1 (1)                     ; 0           ; 0            ; 0       ; 0         ; 0    ; 0            ; |ClassroomController|ClassroomControllerHardware:Classroom2|ls74:RisingEqualDFF              ; ls74                        ; work         ;
;       |piso48b:serialOutReg|                ; 32 (32)             ; 32 (32)                   ; 0           ; 0            ; 0       ; 0         ; 0    ; 0            ; |ClassroomController|ClassroomControllerHardware:Classroom2|piso48b:serialOutReg             ; piso48b                     ; work         ;
;    |ClassroomControllerHardware:Classroom3| ; 33 (1)              ; 33 (0)                    ; 0           ; 0            ; 0       ; 0         ; 0    ; 0            ; |ClassroomController|ClassroomControllerHardware:Classroom3                                  ; ClassroomControllerHardware ; work         ;
;       |ls74:RisingEqualDFF|                 ; 1 (1)               ; 1 (1)                     ; 0           ; 0            ; 0       ; 0         ; 0    ; 0            ; |ClassroomController|ClassroomControllerHardware:Classroom3|ls74:RisingEqualDFF              ; ls74                        ; work         ;
;       |piso48b:serialOutReg|                ; 31 (31)             ; 32 (32)                   ; 0           ; 0            ; 0       ; 0         ; 0    ; 0            ; |ClassroomController|ClassroomControllerHardware:Classroom3|piso48b:serialOutReg             ; piso48b                     ; work         ;
+---------------------------------------------+---------------------+---------------------------+-------------+--------------+---------+-----------+------+--------------+----------------------------------------------------------------------------------------------+-----------------------------+--------------+
Note: For table entries with two numbers listed, the numbers in parentheses indicate the number of resources of the given type used by the specific entity alone. The numbers listed outside of parentheses indicate the total resources of the given type used by the specific entity and all of its sub-entities in the hierarchy.


+----------------------------------------------------------------------------------------------------------------+
; Registers Removed During Synthesis                                                                             ;
+-----------------------------------------------------------------------+----------------------------------------+
; Register name                                                         ; Reason for Removal                     ;
+-----------------------------------------------------------------------+----------------------------------------+
; ClassroomControllerHardware:Classroom3|piso48b:serialOutReg|temp[0,1] ; Stuck at VCC due to stuck port data_in ;
; ClassroomControllerHardware:Classroom2|piso48b:serialOutReg|temp[0,1] ; Stuck at VCC due to stuck port data_in ;
; ClassroomControllerHardware:Classroom1|piso48b:serialOutReg|temp[0,1] ; Stuck at VCC due to stuck port data_in ;
; ClassroomControllerHardware:Classroom0|piso48b:serialOutReg|temp[0,1] ; Stuck at VCC due to stuck port data_in ;
; ClassroomControllerHardware:Classroom3|piso48b:serialOutReg|temp[2]   ; Stuck at VCC due to stuck port data_in ;
; ClassroomControllerHardware:Classroom2|piso48b:serialOutReg|temp[2]   ; Stuck at VCC due to stuck port data_in ;
; ClassroomControllerHardware:Classroom1|piso48b:serialOutReg|temp[2]   ; Stuck at VCC due to stuck port data_in ;
; ClassroomControllerHardware:Classroom0|piso48b:serialOutReg|temp[2]   ; Stuck at VCC due to stuck port data_in ;
; ClassroomControllerHardware:Classroom3|piso48b:serialOutReg|temp[3]   ; Stuck at VCC due to stuck port data_in ;
; ClassroomControllerHardware:Classroom2|piso48b:serialOutReg|temp[3]   ; Stuck at VCC due to stuck port data_in ;
; ClassroomControllerHardware:Classroom1|piso48b:serialOutReg|temp[3]   ; Stuck at VCC due to stuck port data_in ;
; ClassroomControllerHardware:Classroom0|piso48b:serialOutReg|temp[3]   ; Stuck at VCC due to stuck port data_in ;
; ClassroomControllerHardware:Classroom3|piso48b:serialOutReg|temp[4]   ; Stuck at VCC due to stuck port data_in ;
; ClassroomControllerHardware:Classroom2|piso48b:serialOutReg|temp[4]   ; Stuck at VCC due to stuck port data_in ;
; ClassroomControllerHardware:Classroom1|piso48b:serialOutReg|temp[4]   ; Stuck at VCC due to stuck port data_in ;
; ClassroomControllerHardware:Classroom0|piso48b:serialOutReg|temp[4]   ; Stuck at VCC due to stuck port data_in ;
; ClassroomControllerHardware:Classroom3|piso48b:serialOutReg|temp[5]   ; Stuck at VCC due to stuck port data_in ;
; ClassroomControllerHardware:Classroom2|piso48b:serialOutReg|temp[5]   ; Stuck at VCC due to stuck port data_in ;
; ClassroomControllerHardware:Classroom1|piso48b:serialOutReg|temp[5]   ; Stuck at VCC due to stuck port data_in ;
; ClassroomControllerHardware:Classroom0|piso48b:serialOutReg|temp[5]   ; Stuck at VCC due to stuck port data_in ;
; ClassroomControllerHardware:Classroom3|piso48b:serialOutReg|temp[6]   ; Stuck at VCC due to stuck port data_in ;
; ClassroomControllerHardware:Classroom2|piso48b:serialOutReg|temp[6]   ; Stuck at VCC due to stuck port data_in ;
; ClassroomControllerHardware:Classroom1|piso48b:serialOutReg|temp[6]   ; Stuck at VCC due to stuck port data_in ;
; ClassroomControllerHardware:Classroom0|piso48b:serialOutReg|temp[6]   ; Stuck at VCC due to stuck port data_in ;
; ClassroomControllerHardware:Classroom3|piso48b:serialOutReg|temp[7]   ; Stuck at VCC due to stuck port data_in ;
; ClassroomControllerHardware:Classroom2|piso48b:serialOutReg|temp[7]   ; Stuck at VCC due to stuck port data_in ;
; ClassroomControllerHardware:Classroom1|piso48b:serialOutReg|temp[7]   ; Stuck at VCC due to stuck port data_in ;
; ClassroomControllerHardware:Classroom0|piso48b:serialOutReg|temp[7]   ; Stuck at VCC due to stuck port data_in ;
; ClassroomControllerHardware:Classroom3|piso48b:serialOutReg|temp[8]   ; Stuck at VCC due to stuck port data_in ;
; ClassroomControllerHardware:Classroom2|piso48b:serialOutReg|temp[8]   ; Stuck at VCC due to stuck port data_in ;
; ClassroomControllerHardware:Classroom1|piso48b:serialOutReg|temp[8]   ; Stuck at VCC due to stuck port data_in ;
; ClassroomControllerHardware:Classroom0|piso48b:serialOutReg|temp[8]   ; Stuck at VCC due to stuck port data_in ;
; ClassroomControllerHardware:Classroom3|piso48b:serialOutReg|temp[9]   ; Stuck at VCC due to stuck port data_in ;
; ClassroomControllerHardware:Classroom2|piso48b:serialOutReg|temp[9]   ; Stuck at VCC due to stuck port data_in ;
; ClassroomControllerHardware:Classroom1|piso48b:serialOutReg|temp[9]   ; Stuck at VCC due to stuck port data_in ;
; ClassroomControllerHardware:Classroom0|piso48b:serialOutReg|temp[9]   ; Stuck at VCC due to stuck port data_in ;
; ClassroomControllerHardware:Classroom3|piso48b:serialOutReg|temp[10]  ; Stuck at VCC due to stuck port data_in ;
; ClassroomControllerHardware:Classroom2|piso48b:serialOutReg|temp[10]  ; Stuck at VCC due to stuck port data_in ;
; ClassroomControllerHardware:Classroom1|piso48b:serialOutReg|temp[10]  ; Stuck at VCC due to stuck port data_in ;
; ClassroomControllerHardware:Classroom0|piso48b:serialOutReg|temp[10]  ; Stuck at VCC due to stuck port data_in ;
; ClassroomControllerHardware:Classroom3|piso48b:serialOutReg|temp[11]  ; Stuck at VCC due to stuck port data_in ;
; ClassroomControllerHardware:Classroom2|piso48b:serialOutReg|temp[11]  ; Stuck at VCC due to stuck port data_in ;
; ClassroomControllerHardware:Classroom1|piso48b:serialOutReg|temp[11]  ; Stuck at VCC due to stuck port data_in ;
; ClassroomControllerHardware:Classroom0|piso48b:serialOutReg|temp[11]  ; Stuck at VCC due to stuck port data_in ;
; ClassroomControllerHardware:Classroom3|piso48b:serialOutReg|temp[12]  ; Stuck at VCC due to stuck port data_in ;
; ClassroomControllerHardware:Classroom2|piso48b:serialOutReg|temp[12]  ; Stuck at VCC due to stuck port data_in ;
; ClassroomControllerHardware:Classroom1|piso48b:serialOutReg|temp[12]  ; Stuck at VCC due to stuck port data_in ;
; ClassroomControllerHardware:Classroom0|piso48b:serialOutReg|temp[12]  ; Stuck at VCC due to stuck port data_in ;
; ClassroomControllerHardware:Classroom3|piso48b:serialOutReg|temp[13]  ; Stuck at VCC due to stuck port data_in ;
; ClassroomControllerHardware:Classroom2|piso48b:serialOutReg|temp[13]  ; Stuck at VCC due to stuck port data_in ;
; ClassroomControllerHardware:Classroom1|piso48b:serialOutReg|temp[13]  ; Stuck at VCC due to stuck port data_in ;
; ClassroomControllerHardware:Classroom0|piso48b:serialOutReg|temp[13]  ; Stuck at VCC due to stuck port data_in ;
; ClassroomControllerHardware:Classroom3|piso48b:serialOutReg|temp[14]  ; Stuck at VCC due to stuck port data_in ;
; ClassroomControllerHardware:Classroom2|piso48b:serialOutReg|temp[14]  ; Stuck at VCC due to stuck port data_in ;
; ClassroomControllerHardware:Classroom1|piso48b:serialOutReg|temp[14]  ; Stuck at VCC due to stuck port data_in ;
; ClassroomControllerHardware:Classroom0|piso48b:serialOutReg|temp[14]  ; Stuck at VCC due to stuck port data_in ;
; ClassroomControllerHardware:Classroom3|piso48b:serialOutReg|temp[15]  ; Stuck at VCC due to stuck port data_in ;
; ClassroomControllerHardware:Classroom2|piso48b:serialOutReg|temp[15]  ; Stuck at VCC due to stuck port data_in ;
; ClassroomControllerHardware:Classroom1|piso48b:serialOutReg|temp[15]  ; Stuck at VCC due to stuck port data_in ;
; ClassroomControllerHardware:Classroom0|piso48b:serialOutReg|temp[15]  ; Stuck at VCC due to stuck port data_in ;
; Total Number of Removed Registers = 64                                ;                                        ;
+-----------------------------------------------------------------------+----------------------------------------+


+-------------------------------------------------------------------------------------------------------------------------------------------------------------------------+
; Removed Registers Triggering Further Register Optimizations                                                                                                             ;
+---------------------------------------------------------------------+---------------------------+-----------------------------------------------------------------------+
; Register name                                                       ; Reason for Removal        ; Registers Removed due to This Register                                ;
+---------------------------------------------------------------------+---------------------------+-----------------------------------------------------------------------+
; ClassroomControllerHardware:Classroom3|piso48b:serialOutReg|temp[0] ; Stuck at VCC              ; ClassroomControllerHardware:Classroom3|piso48b:serialOutReg|temp[1],  ;
;                                                                     ; due to stuck port data_in ; ClassroomControllerHardware:Classroom3|piso48b:serialOutReg|temp[2],  ;
;                                                                     ;                           ; ClassroomControllerHardware:Classroom3|piso48b:serialOutReg|temp[3],  ;
;                                                                     ;                           ; ClassroomControllerHardware:Classroom3|piso48b:serialOutReg|temp[4],  ;
;                                                                     ;                           ; ClassroomControllerHardware:Classroom3|piso48b:serialOutReg|temp[5],  ;
;                                                                     ;                           ; ClassroomControllerHardware:Classroom3|piso48b:serialOutReg|temp[6],  ;
;                                                                     ;                           ; ClassroomControllerHardware:Classroom3|piso48b:serialOutReg|temp[7],  ;
;                                                                     ;                           ; ClassroomControllerHardware:Classroom3|piso48b:serialOutReg|temp[8],  ;
;                                                                     ;                           ; ClassroomControllerHardware:Classroom3|piso48b:serialOutReg|temp[9],  ;
;                                                                     ;                           ; ClassroomControllerHardware:Classroom3|piso48b:serialOutReg|temp[10], ;
;                                                                     ;                           ; ClassroomControllerHardware:Classroom3|piso48b:serialOutReg|temp[11], ;
;                                                                     ;                           ; ClassroomControllerHardware:Classroom3|piso48b:serialOutReg|temp[12], ;
;                                                                     ;                           ; ClassroomControllerHardware:Classroom3|piso48b:serialOutReg|temp[13], ;
;                                                                     ;                           ; ClassroomControllerHardware:Classroom3|piso48b:serialOutReg|temp[14], ;
;                                                                     ;                           ; ClassroomControllerHardware:Classroom3|piso48b:serialOutReg|temp[15]  ;
; ClassroomControllerHardware:Classroom2|piso48b:serialOutReg|temp[0] ; Stuck at VCC              ; ClassroomControllerHardware:Classroom2|piso48b:serialOutReg|temp[1],  ;
;                                                                     ; due to stuck port data_in ; ClassroomControllerHardware:Classroom2|piso48b:serialOutReg|temp[2],  ;
;                                                                     ;                           ; ClassroomControllerHardware:Classroom2|piso48b:serialOutReg|temp[3],  ;
;                                                                     ;                           ; ClassroomControllerHardware:Classroom2|piso48b:serialOutReg|temp[4],  ;
;                                                                     ;                           ; ClassroomControllerHardware:Classroom2|piso48b:serialOutReg|temp[5],  ;
;                                                                     ;                           ; ClassroomControllerHardware:Classroom2|piso48b:serialOutReg|temp[6],  ;
;                                                                     ;                           ; ClassroomControllerHardware:Classroom2|piso48b:serialOutReg|temp[7],  ;
;                                                                     ;                           ; ClassroomControllerHardware:Classroom2|piso48b:serialOutReg|temp[8],  ;
;                                                                     ;                           ; ClassroomControllerHardware:Classroom2|piso48b:serialOutReg|temp[9],  ;
;                                                                     ;                           ; ClassroomControllerHardware:Classroom2|piso48b:serialOutReg|temp[10], ;
;                                                                     ;                           ; ClassroomControllerHardware:Classroom2|piso48b:serialOutReg|temp[11], ;
;                                                                     ;                           ; ClassroomControllerHardware:Classroom2|piso48b:serialOutReg|temp[12], ;
;                                                                     ;                           ; ClassroomControllerHardware:Classroom2|piso48b:serialOutReg|temp[13], ;
;                                                                     ;                           ; ClassroomControllerHardware:Classroom2|piso48b:serialOutReg|temp[14], ;
;                                                                     ;                           ; ClassroomControllerHardware:Classroom2|piso48b:serialOutReg|temp[15]  ;
; ClassroomControllerHardware:Classroom1|piso48b:serialOutReg|temp[0] ; Stuck at VCC              ; ClassroomControllerHardware:Classroom1|piso48b:serialOutReg|temp[1],  ;
;                                                                     ; due to stuck port data_in ; ClassroomControllerHardware:Classroom1|piso48b:serialOutReg|temp[2],  ;
;                                                                     ;                           ; ClassroomControllerHardware:Classroom1|piso48b:serialOutReg|temp[3],  ;
;                                                                     ;                           ; ClassroomControllerHardware:Classroom1|piso48b:serialOutReg|temp[4],  ;
;                                                                     ;                           ; ClassroomControllerHardware:Classroom1|piso48b:serialOutReg|temp[5],  ;
;                                                                     ;                           ; ClassroomControllerHardware:Classroom1|piso48b:serialOutReg|temp[6],  ;
;                                                                     ;                           ; ClassroomControllerHardware:Classroom1|piso48b:serialOutReg|temp[7],  ;
;                                                                     ;                           ; ClassroomControllerHardware:Classroom1|piso48b:serialOutReg|temp[8],  ;
;                                                                     ;                           ; ClassroomControllerHardware:Classroom1|piso48b:serialOutReg|temp[9],  ;
;                                                                     ;                           ; ClassroomControllerHardware:Classroom1|piso48b:serialOutReg|temp[10], ;
;                                                                     ;                           ; ClassroomControllerHardware:Classroom1|piso48b:serialOutReg|temp[11], ;
;                                                                     ;                           ; ClassroomControllerHardware:Classroom1|piso48b:serialOutReg|temp[12], ;
;                                                                     ;                           ; ClassroomControllerHardware:Classroom1|piso48b:serialOutReg|temp[13], ;
;                                                                     ;                           ; ClassroomControllerHardware:Classroom1|piso48b:serialOutReg|temp[14], ;
;                                                                     ;                           ; ClassroomControllerHardware:Classroom1|piso48b:serialOutReg|temp[15]  ;
; ClassroomControllerHardware:Classroom0|piso48b:serialOutReg|temp[0] ; Stuck at VCC              ; ClassroomControllerHardware:Classroom0|piso48b:serialOutReg|temp[1],  ;
;                                                                     ; due to stuck port data_in ; ClassroomControllerHardware:Classroom0|piso48b:serialOutReg|temp[2],  ;
;                                                                     ;                           ; ClassroomControllerHardware:Classroom0|piso48b:serialOutReg|temp[3],  ;
;                                                                     ;                           ; ClassroomControllerHardware:Classroom0|piso48b:serialOutReg|temp[4],  ;
;                                                                     ;                           ; ClassroomControllerHardware:Classroom0|piso48b:serialOutReg|temp[5],  ;
;                                                                     ;                           ; ClassroomControllerHardware:Classroom0|piso48b:serialOutReg|temp[6],  ;
;                                                                     ;                           ; ClassroomControllerHardware:Classroom0|piso48b:serialOutReg|temp[7],  ;
;                                                                     ;                           ; ClassroomControllerHardware:Classroom0|piso48b:serialOutReg|temp[8],  ;
;                                                                     ;                           ; ClassroomControllerHardware:Classroom0|piso48b:serialOutReg|temp[9],  ;
;                                                                     ;                           ; ClassroomControllerHardware:Classroom0|piso48b:serialOutReg|temp[10], ;
;                                                                     ;                           ; ClassroomControllerHardware:Classroom0|piso48b:serialOutReg|temp[11], ;
;                                                                     ;                           ; ClassroomControllerHardware:Classroom0|piso48b:serialOutReg|temp[12], ;
;                                                                     ;                           ; ClassroomControllerHardware:Classroom0|piso48b:serialOutReg|temp[13], ;
;                                                                     ;                           ; ClassroomControllerHardware:Classroom0|piso48b:serialOutReg|temp[14], ;
;                                                                     ;                           ; ClassroomControllerHardware:Classroom0|piso48b:serialOutReg|temp[15]  ;
+---------------------------------------------------------------------+---------------------------+-----------------------------------------------------------------------+


+------------------------------------------------------+
; General Register Statistics                          ;
+----------------------------------------------+-------+
; Statistic                                    ; Value ;
+----------------------------------------------+-------+
; Total registers                              ; 132   ;
; Number of registers using Synchronous Clear  ; 0     ;
; Number of registers using Synchronous Load   ; 0     ;
; Number of registers using Asynchronous Clear ; 0     ;
; Number of registers using Asynchronous Load  ; 0     ;
; Number of registers using Clock Enable       ; 0     ;
; Number of registers using Preset             ; 0     ;
+----------------------------------------------+-------+


+------------------------------------------------------------------------+
; Inverted Register Statistics                                           ;
+--------------------------------------------------------------+---------+
; Inverted Register                                            ; Fan out ;
+--------------------------------------------------------------+---------+
; ClassroomControllerHardware:Classroom1|ls74:RisingEqualDFF|q ; 30      ;
; ClassroomControllerHardware:Classroom0|ls74:RisingEqualDFF|q ; 30      ;
; ClassroomControllerHardware:Classroom2|ls74:RisingEqualDFF|q ; 30      ;
; ClassroomControllerHardware:Classroom3|ls74:RisingEqualDFF|q ; 29      ;
; Total number of inverted registers = 4                       ;         ;
+--------------------------------------------------------------+---------+


+--------------------------------------------------------------------+
; Port Connectivity Checks: "ClassroomControllerHardware:Classroom3" ;
+-------+-------+----------+-----------------------------------------+
; Port  ; Type  ; Severity ; Details                                 ;
+-------+-------+----------+-----------------------------------------+
; rx    ; Input ; Info     ; Stuck at GND                            ;
; ourid ; Input ; Info     ; Stuck at VCC                            ;
+-------+-------+----------+-----------------------------------------+


+--------------------------------------------------------------------+
; Port Connectivity Checks: "ClassroomControllerHardware:Classroom2" ;
+----------+-------+----------+--------------------------------------+
; Port     ; Type  ; Severity ; Details                              ;
+----------+-------+----------+--------------------------------------+
; rx       ; Input ; Info     ; Stuck at GND                         ;
; ourid[1] ; Input ; Info     ; Stuck at VCC                         ;
; ourid[0] ; Input ; Info     ; Stuck at GND                         ;
+----------+-------+----------+--------------------------------------+


+--------------------------------------------------------------------+
; Port Connectivity Checks: "ClassroomControllerHardware:Classroom1" ;
+----------+-------+----------+--------------------------------------+
; Port     ; Type  ; Severity ; Details                              ;
+----------+-------+----------+--------------------------------------+
; rx       ; Input ; Info     ; Stuck at GND                         ;
; ourid[1] ; Input ; Info     ; Stuck at GND                         ;
; ourid[0] ; Input ; Info     ; Stuck at VCC                         ;
+----------+-------+----------+--------------------------------------+


+-----------------------------------------------------------------------------------------+
; Port Connectivity Checks: "ClassroomControllerHardware:Classroom0|piso48b:serialOutReg" ;
+---------------------+-------+----------+------------------------------------------------+
; Port                ; Type  ; Severity ; Details                                        ;
+---------------------+-------+----------+------------------------------------------------+
; parallel_in[15..0]  ; Input ; Info     ; Stuck at VCC                                   ;
; parallel_in[32..24] ; Input ; Info     ; Stuck at GND                                   ;
; parallel_in[20..16] ; Input ; Info     ; Stuck at GND                                   ;
; parallel_in[47]     ; Input ; Info     ; Stuck at VCC                                   ;
; parallel_in[46]     ; Input ; Info     ; Stuck at GND                                   ;
; parallel_in[45]     ; Input ; Info     ; Stuck at VCC                                   ;
; parallel_in[44]     ; Input ; Info     ; Stuck at GND                                   ;
; parallel_in[43]     ; Input ; Info     ; Stuck at VCC                                   ;
; parallel_in[42]     ; Input ; Info     ; Stuck at GND                                   ;
; parallel_in[41]     ; Input ; Info     ; Stuck at VCC                                   ;
; parallel_in[40]     ; Input ; Info     ; Stuck at GND                                   ;
; parallel_in[39]     ; Input ; Info     ; Stuck at VCC                                   ;
; parallel_in[38]     ; Input ; Info     ; Stuck at GND                                   ;
; parallel_in[37]     ; Input ; Info     ; Stuck at VCC                                   ;
; parallel_in[36]     ; Input ; Info     ; Stuck at GND                                   ;
; parallel_in[35]     ; Input ; Info     ; Stuck at VCC                                   ;
; parallel_in[34]     ; Input ; Info     ; Stuck at GND                                   ;
; parallel_in[33]     ; Input ; Info     ; Stuck at VCC                                   ;
+---------------------+-------+----------+------------------------------------------------+


+----------------------------------------------------------------------------------------+
; Port Connectivity Checks: "ClassroomControllerHardware:Classroom0|ls74:RisingEqualDFF" ;
+------+-------+----------+--------------------------------------------------------------+
; Port ; Type  ; Severity ; Details                                                      ;
+------+-------+----------+--------------------------------------------------------------+
; clr  ; Input ; Info     ; Stuck at VCC                                                 ;
; pre  ; Input ; Info     ; Stuck at VCC                                                 ;
+------+-------+----------+--------------------------------------------------------------+


+-----------------------------------------------------------------------------------------------------+
; Port Connectivity Checks: "ClassroomControllerHardware:Classroom0|comparator6b:classroomComparator" ;
+-----------+-------+----------+----------------------------------------------------------------------+
; Port      ; Type  ; Severity ; Details                                                              ;
+-----------+-------+----------+----------------------------------------------------------------------+
; op1[5..2] ; Input ; Info     ; Stuck at GND                                                         ;
; op2[5..2] ; Input ; Info     ; Stuck at GND                                                         ;
+-----------+-------+----------+----------------------------------------------------------------------+


+--------------------------------------------------------------------+
; Port Connectivity Checks: "ClassroomControllerHardware:Classroom0" ;
+-------+-------+----------+-----------------------------------------+
; Port  ; Type  ; Severity ; Details                                 ;
+-------+-------+----------+-----------------------------------------+
; rx    ; Input ; Info     ; Stuck at GND                            ;
; ourid ; Input ; Info     ; Stuck at GND                            ;
+-------+-------+----------+-----------------------------------------+


+-----------------------------------------------------+
; Post-Synthesis Netlist Statistics for Top Partition ;
+-----------------------+-----------------------------+
; Type                  ; Count                       ;
+-----------------------+-----------------------------+
; boundary_port         ; 89                          ;
; cycloneiii_ff         ; 132                         ;
;     plain             ; 132                         ;
; cycloneiii_io_obuf    ; 41                          ;
; cycloneiii_lcell_comb ; 142                         ;
;     normal            ; 142                         ;
;         0 data inputs ; 1                           ;
;         1 data inputs ; 4                           ;
;         2 data inputs ; 4                           ;
;         3 data inputs ; 11                          ;
;         4 data inputs ; 122                         ;
;                       ;                             ;
; Max LUT depth         ; 2.00                        ;
; Average LUT depth     ; 0.98                        ;
+-----------------------+-----------------------------+


+-------------------------------+
; Elapsed Time Per Partition    ;
+----------------+--------------+
; Partition Name ; Elapsed Time ;
+----------------+--------------+
; Top            ; 00:00:00     ;
+----------------+--------------+


+-------------------------------+
; Analysis & Synthesis Messages ;
+-------------------------------+
Info: *******************************************************************
Info: Running Quartus Prime Analysis & Synthesis
    Info: Version 17.1.0 Build 590 10/25/2017 SJ Lite Edition
    Info: Processing started: Sun Apr 29 22:29:54 2018
Info: Command: quartus_map --read_settings_files=on --write_settings_files=off ClassroomController -c ClassroomController
Warning (18236): Number of processors has not been specified which may cause overloading on shared machines.  Set the global assignment NUM_PARALLEL_PROCESSORS in your QSF to an appropriate value for best performance.
Info (20030): Parallel compilation is enabled and will use 4 of the 4 processors detected
Info (12021): Found 12 design units, including 6 entities, in source file classroomcontroller.vhd
    Info (12022): Found design unit 1: ClassroomController-a File: //Mac/Home/Documents/DLDProject/ClassroomController/ClassroomController.vhd Line: 22
    Info (12022): Found design unit 2: ClassroomControllerHardware-a File: //Mac/Home/Documents/DLDProject/ClassroomController/ClassroomController.vhd Line: 165
    Info (12022): Found design unit 3: ls74-a File: //Mac/Home/Documents/DLDProject/ClassroomController/ClassroomController.vhd Line: 273
    Info (12022): Found design unit 4: comparator6b-a File: //Mac/Home/Documents/DLDProject/ClassroomController/ClassroomController.vhd Line: 300
    Info (12022): Found design unit 5: piso48b-a File: //Mac/Home/Documents/DLDProject/ClassroomController/ClassroomController.vhd Line: 323
    Info (12022): Found design unit 6: tri_state_buffer_top-Behavioral File: //Mac/Home/Documents/DLDProject/ClassroomController/ClassroomController.vhd Line: 351
    Info (12023): Found entity 1: ClassroomController File: //Mac/Home/Documents/DLDProject/ClassroomController/ClassroomController.vhd Line: 12
    Info (12023): Found entity 2: ClassroomControllerHardware File: //Mac/Home/Documents/DLDProject/ClassroomController/ClassroomController.vhd Line: 157
    Info (12023): Found entity 3: ls74 File: //Mac/Home/Documents/DLDProject/ClassroomController/ClassroomController.vhd Line: 264
    Info (12023): Found entity 4: comparator6b File: //Mac/Home/Documents/DLDProject/ClassroomController/ClassroomController.vhd Line: 295
    Info (12023): Found entity 5: piso48b File: //Mac/Home/Documents/DLDProject/ClassroomController/ClassroomController.vhd Line: 316
    Info (12023): Found entity 6: tri_state_buffer_top File: //Mac/Home/Documents/DLDProject/ClassroomController/ClassroomController.vhd Line: 345
Info (12127): Elaborating entity "ClassroomController" for the top level hierarchy
Warning (10873): Using initial value X (don't care) for net "ledr[17..15]" at ClassroomController.vhd(14) File: //Mac/Home/Documents/DLDProject/ClassroomController/ClassroomController.vhd Line: 14
Warning (10873): Using initial value X (don't care) for net "ledr[11]" at ClassroomController.vhd(14) File: //Mac/Home/Documents/DLDProject/ClassroomController/ClassroomController.vhd Line: 14
Warning (10873): Using initial value X (don't care) for net "ledr[7]" at ClassroomController.vhd(14) File: //Mac/Home/Documents/DLDProject/ClassroomController/ClassroomController.vhd Line: 14
Warning (10873): Using initial value X (don't care) for net "ledr[3]" at ClassroomController.vhd(14) File: //Mac/Home/Documents/DLDProject/ClassroomController/ClassroomController.vhd Line: 14
Warning (10873): Using initial value X (don't care) for net "ledg[6..2]" at ClassroomController.vhd(15) File: //Mac/Home/Documents/DLDProject/ClassroomController/ClassroomController.vhd Line: 15
Info (12128): Elaborating entity "ClassroomControllerHardware" for hierarchy "ClassroomControllerHardware:Classroom0" File: //Mac/Home/Documents/DLDProject/ClassroomController/ClassroomController.vhd Line: 94
Info (12128): Elaborating entity "comparator6b" for hierarchy "ClassroomControllerHardware:Classroom0|comparator6b:classroomComparator" File: //Mac/Home/Documents/DLDProject/ClassroomController/ClassroomController.vhd Line: 213
Info (12128): Elaborating entity "ls74" for hierarchy "ClassroomControllerHardware:Classroom0|ls74:RisingEqualDFF" File: //Mac/Home/Documents/DLDProject/ClassroomController/ClassroomController.vhd Line: 221
Info (12128): Elaborating entity "piso48b" for hierarchy "ClassroomControllerHardware:Classroom0|piso48b:serialOutReg" File: //Mac/Home/Documents/DLDProject/ClassroomController/ClassroomController.vhd Line: 232
Info (12128): Elaborating entity "tri_state_buffer_top" for hierarchy "ClassroomControllerHardware:Classroom0|tri_state_buffer_top:busBuffer" File: //Mac/Home/Documents/DLDProject/ClassroomController/ClassroomController.vhd Line: 244
Warning (13039): The following bidirectional pins have no drivers
    Warning (13040): bidirectional pin "gpio[0]" has no driver File: //Mac/Home/Documents/DLDProject/ClassroomController/ClassroomController.vhd Line: 13
    Warning (13040): bidirectional pin "gpio[1]" has no driver File: //Mac/Home/Documents/DLDProject/ClassroomController/ClassroomController.vhd Line: 13
    Warning (13040): bidirectional pin "gpio[8]" has no driver File: //Mac/Home/Documents/DLDProject/ClassroomController/ClassroomController.vhd Line: 13
    Warning (13040): bidirectional pin "gpio[2]" has no driver File: //Mac/Home/Documents/DLDProject/ClassroomController/ClassroomController.vhd Line: 13
    Warning (13040): bidirectional pin "gpio[3]" has no driver File: //Mac/Home/Documents/DLDProject/ClassroomController/ClassroomController.vhd Line: 13
    Warning (13040): bidirectional pin "gpio[4]" has no driver File: //Mac/Home/Documents/DLDProject/ClassroomController/ClassroomController.vhd Line: 13
    Warning (13040): bidirectional pin "gpio[5]" has no driver File: //Mac/Home/Documents/DLDProject/ClassroomController/ClassroomController.vhd Line: 13
    Warning (13040): bidirectional pin "gpio[7]" has no driver File: //Mac/Home/Documents/DLDProject/ClassroomController/ClassroomController.vhd Line: 13
    Warning (13040): bidirectional pin "gpio[9]" has no driver File: //Mac/Home/Documents/DLDProject/ClassroomController/ClassroomController.vhd Line: 13
    Warning (13040): bidirectional pin "gpio[10]" has no driver File: //Mac/Home/Documents/DLDProject/ClassroomController/ClassroomController.vhd Line: 13
    Warning (13040): bidirectional pin "gpio[11]" has no driver File: //Mac/Home/Documents/DLDProject/ClassroomController/ClassroomController.vhd Line: 13
    Warning (13040): bidirectional pin "gpio[12]" has no driver File: //Mac/Home/Documents/DLDProject/ClassroomController/ClassroomController.vhd Line: 13
    Warning (13040): bidirectional pin "gpio[13]" has no driver File: //Mac/Home/Documents/DLDProject/ClassroomController/ClassroomController.vhd Line: 13
    Warning (13040): bidirectional pin "gpio[14]" has no driver File: //Mac/Home/Documents/DLDProject/ClassroomController/ClassroomController.vhd Line: 13
    Warning (13040): bidirectional pin "gpio[15]" has no driver File: //Mac/Home/Documents/DLDProject/ClassroomController/ClassroomController.vhd Line: 13
    Warning (13040): bidirectional pin "gpio[16]" has no driver File: //Mac/Home/Documents/DLDProject/ClassroomController/ClassroomController.vhd Line: 13
    Warning (13040): bidirectional pin "gpio[17]" has no driver File: //Mac/Home/Documents/DLDProject/ClassroomController/ClassroomController.vhd Line: 13
    Warning (13040): bidirectional pin "gpio[18]" has no driver File: //Mac/Home/Documents/DLDProject/ClassroomController/ClassroomController.vhd Line: 13
    Warning (13040): bidirectional pin "gpio[19]" has no driver File: //Mac/Home/Documents/DLDProject/ClassroomController/ClassroomController.vhd Line: 13
    Warning (13040): bidirectional pin "gpio[20]" has no driver File: //Mac/Home/Documents/DLDProject/ClassroomController/ClassroomController.vhd Line: 13
    Warning (13040): bidirectional pin "gpio[21]" has no driver File: //Mac/Home/Documents/DLDProject/ClassroomController/ClassroomController.vhd Line: 13
    Warning (13040): bidirectional pin "gpio[22]" has no driver File: //Mac/Home/Documents/DLDProject/ClassroomController/ClassroomController.vhd Line: 13
    Warning (13040): bidirectional pin "gpio[23]" has no driver File: //Mac/Home/Documents/DLDProject/ClassroomController/ClassroomController.vhd Line: 13
    Warning (13040): bidirectional pin "gpio[24]" has no driver File: //Mac/Home/Documents/DLDProject/ClassroomController/ClassroomController.vhd Line: 13
    Warning (13040): bidirectional pin "gpio[25]" has no driver File: //Mac/Home/Documents/DLDProject/ClassroomController/ClassroomController.vhd Line: 13
    Warning (13040): bidirectional pin "gpio[26]" has no driver File: //Mac/Home/Documents/DLDProject/ClassroomController/ClassroomController.vhd Line: 13
    Warning (13040): bidirectional pin "gpio[27]" has no driver File: //Mac/Home/Documents/DLDProject/ClassroomController/ClassroomController.vhd Line: 13
    Warning (13040): bidirectional pin "gpio[28]" has no driver File: //Mac/Home/Documents/DLDProject/ClassroomController/ClassroomController.vhd Line: 13
    Warning (13040): bidirectional pin "gpio[29]" has no driver File: //Mac/Home/Documents/DLDProject/ClassroomController/ClassroomController.vhd Line: 13
    Warning (13040): bidirectional pin "gpio[30]" has no driver File: //Mac/Home/Documents/DLDProject/ClassroomController/ClassroomController.vhd Line: 13
    Warning (13040): bidirectional pin "gpio[31]" has no driver File: //Mac/Home/Documents/DLDProject/ClassroomController/ClassroomController.vhd Line: 13
    Warning (13040): bidirectional pin "gpio[32]" has no driver File: //Mac/Home/Documents/DLDProject/ClassroomController/ClassroomController.vhd Line: 13
    Warning (13040): bidirectional pin "gpio[33]" has no driver File: //Mac/Home/Documents/DLDProject/ClassroomController/ClassroomController.vhd Line: 13
    Warning (13040): bidirectional pin "gpio[34]" has no driver File: //Mac/Home/Documents/DLDProject/ClassroomController/ClassroomController.vhd Line: 13
    Warning (13040): bidirectional pin "gpio[35]" has no driver File: //Mac/Home/Documents/DLDProject/ClassroomController/ClassroomController.vhd Line: 13
    Warning (13040): bidirectional pin "gpio[36]" has no driver File: //Mac/Home/Documents/DLDProject/ClassroomController/ClassroomController.vhd Line: 13
    Warning (13040): bidirectional pin "gpio[37]" has no driver File: //Mac/Home/Documents/DLDProject/ClassroomController/ClassroomController.vhd Line: 13
    Warning (13040): bidirectional pin "gpio[38]" has no driver File: //Mac/Home/Documents/DLDProject/ClassroomController/ClassroomController.vhd Line: 13
    Warning (13040): bidirectional pin "gpio[39]" has no driver File: //Mac/Home/Documents/DLDProject/ClassroomController/ClassroomController.vhd Line: 13
Warning (13009): TRI or OPNDRN buffers permanently enabled
    Warning (13010): Node "ClassroomControllerHardware:Classroom0|tri_state_buffer_top:busBuffer|Y~synth" File: //Mac/Home/Documents/DLDProject/ClassroomController/ClassroomController.vhd Line: 348
    Warning (13010): Node "gpio[6]~synth" File: //Mac/Home/Documents/DLDProject/ClassroomController/ClassroomController.vhd Line: 13
Warning (13024): Output pins are stuck at VCC or GND
    Warning (13410): Pin "ledr[3]" is stuck at GND File: //Mac/Home/Documents/DLDProject/ClassroomController/ClassroomController.vhd Line: 14
    Warning (13410): Pin "ledr[7]" is stuck at GND File: //Mac/Home/Documents/DLDProject/ClassroomController/ClassroomController.vhd Line: 14
    Warning (13410): Pin "ledr[11]" is stuck at GND File: //Mac/Home/Documents/DLDProject/ClassroomController/ClassroomController.vhd Line: 14
    Warning (13410): Pin "ledr[15]" is stuck at GND File: //Mac/Home/Documents/DLDProject/ClassroomController/ClassroomController.vhd Line: 14
    Warning (13410): Pin "ledr[16]" is stuck at GND File: //Mac/Home/Documents/DLDProject/ClassroomController/ClassroomController.vhd Line: 14
    Warning (13410): Pin "ledr[17]" is stuck at GND File: //Mac/Home/Documents/DLDProject/ClassroomController/ClassroomController.vhd Line: 14
    Warning (13410): Pin "ledg[2]" is stuck at GND File: //Mac/Home/Documents/DLDProject/ClassroomController/ClassroomController.vhd Line: 15
    Warning (13410): Pin "ledg[3]" is stuck at GND File: //Mac/Home/Documents/DLDProject/ClassroomController/ClassroomController.vhd Line: 15
    Warning (13410): Pin "ledg[4]" is stuck at GND File: //Mac/Home/Documents/DLDProject/ClassroomController/ClassroomController.vhd Line: 15
    Warning (13410): Pin "ledg[5]" is stuck at GND File: //Mac/Home/Documents/DLDProject/ClassroomController/ClassroomController.vhd Line: 15
    Warning (13410): Pin "ledg[6]" is stuck at GND File: //Mac/Home/Documents/DLDProject/ClassroomController/ClassroomController.vhd Line: 15
Info (286030): Timing-Driven Synthesis is running
Warning (14632): Output pin "ledg[0]" driven by bidirectional pin "gpio[0]" cannot be tri-stated File: //Mac/Home/Documents/DLDProject/ClassroomController/ClassroomController.vhd Line: 15
Warning (14632): Output pin "ledg[1]" driven by bidirectional pin "gpio[1]" cannot be tri-stated File: //Mac/Home/Documents/DLDProject/ClassroomController/ClassroomController.vhd Line: 15
Warning (14632): Output pin "ledg[8]" driven by bidirectional pin "gpio[8]" cannot be tri-stated File: //Mac/Home/Documents/DLDProject/ClassroomController/ClassroomController.vhd Line: 15
Info (16010): Generating hard_block partition "hard_block:auto_generated_inst"
    Info (16011): Adding 0 node(s), including 0 DDIO, 0 PLL, 0 transceiver and 0 LCELL
Warning (21074): Design contains 10 input pin(s) that do not drive logic
    Warning (15610): No output dependent on input pin "sw[3]" File: //Mac/Home/Documents/DLDProject/ClassroomController/ClassroomController.vhd Line: 16
    Warning (15610): No output dependent on input pin "sw[7]" File: //Mac/Home/Documents/DLDProject/ClassroomController/ClassroomController.vhd Line: 16
    Warning (15610): No output dependent on input pin "sw[11]" File: //Mac/Home/Documents/DLDProject/ClassroomController/ClassroomController.vhd Line: 16
    Warning (15610): No output dependent on input pin "sw[15]" File: //Mac/Home/Documents/DLDProject/ClassroomController/ClassroomController.vhd Line: 16
    Warning (15610): No output dependent on input pin "sw[16]" File: //Mac/Home/Documents/DLDProject/ClassroomController/ClassroomController.vhd Line: 16
    Warning (15610): No output dependent on input pin "sw[17]" File: //Mac/Home/Documents/DLDProject/ClassroomController/ClassroomController.vhd Line: 16
    Warning (15610): No output dependent on input pin "key[0]" File: //Mac/Home/Documents/DLDProject/ClassroomController/ClassroomController.vhd Line: 17
    Warning (15610): No output dependent on input pin "key[1]" File: //Mac/Home/Documents/DLDProject/ClassroomController/ClassroomController.vhd Line: 17
    Warning (15610): No output dependent on input pin "key[2]" File: //Mac/Home/Documents/DLDProject/ClassroomController/ClassroomController.vhd Line: 17
    Warning (15610): No output dependent on input pin "key[3]" File: //Mac/Home/Documents/DLDProject/ClassroomController/ClassroomController.vhd Line: 17
Info (21057): Implemented 234 device resources after synthesis - the final resource count might be different
    Info (21058): Implemented 22 input pins
    Info (21059): Implemented 27 output pins
    Info (21060): Implemented 40 bidirectional pins
    Info (21061): Implemented 145 logic cells
Info: Quartus Prime Analysis & Synthesis was successful. 0 errors, 75 warnings
    Info: Peak virtual memory: 714 megabytes
    Info: Processing ended: Sun Apr 29 22:30:10 2018
    Info: Elapsed time: 00:00:16
    Info: Total CPU time (on all processors): 00:00:31


